{"/home/lade/GitHub/codeflow-commander---nexus-gateway/cli-tool/bin/agents.js": {"path":"/home/lade/GitHub/codeflow-commander---nexus-gateway/cli-tool/bin/agents.js","statementMap":{"0":{"start":{"line":8,"column":17},"end":{"line":39,"column":55}},"1":{"start":{"line":41,"column":2},"end":{"line":48,"column":3}},"2":{"start":{"line":42,"column":21},"end":{"line":42,"column":57}},"3":{"start":{"line":43,"column":19},"end":{"line":43,"column":47}},"4":{"start":{"line":44,"column":4},"end":{"line":44,"column":18}},"5":{"start":{"line":46,"column":4},"end":{"line":46,"column":61}},"6":{"start":{"line":47,"column":4},"end":{"line":47,"column":14}},"7":{"start":{"line":53,"column":17},"end":{"line":85,"column":60}},"8":{"start":{"line":87,"column":2},"end":{"line":94,"column":3}},"9":{"start":{"line":88,"column":21},"end":{"line":88,"column":57}},"10":{"start":{"line":89,"column":19},"end":{"line":89,"column":47}},"11":{"start":{"line":90,"column":4},"end":{"line":90,"column":18}},"12":{"start":{"line":92,"column":4},"end":{"line":92,"column":65}},"13":{"start":{"line":93,"column":4},"end":{"line":93,"column":14}},"14":{"start":{"line":99,"column":17},"end":{"line":131,"column":46}},"15":{"start":{"line":133,"column":2},"end":{"line":140,"column":3}},"16":{"start":{"line":134,"column":21},"end":{"line":134,"column":57}},"17":{"start":{"line":135,"column":19},"end":{"line":135,"column":47}},"18":{"start":{"line":136,"column":4},"end":{"line":136,"column":18}},"19":{"start":{"line":138,"column":4},"end":{"line":138,"column":62}},"20":{"start":{"line":139,"column":4},"end":{"line":139,"column":14}},"21":{"start":{"line":145,"column":2},"end":{"line":159,"column":3}},"22":{"start":{"line":147,"column":22},"end":{"line":147,"column":51}},"23":{"start":{"line":148,"column":4},"end":{"line":151,"column":5}},"24":{"start":{"line":149,"column":21},"end":{"line":149,"column":45}},"25":{"start":{"line":150,"column":6},"end":{"line":150,"column":49}},"26":{"start":{"line":154,"column":19},"end":{"line":154,"column":39}},"27":{"start":{"line":155,"column":4},"end":{"line":155,"column":47}},"28":{"start":{"line":157,"column":4},"end":{"line":157,"column":69}},"29":{"start":{"line":158,"column":4},"end":{"line":158,"column":14}},"30":{"start":{"line":165,"column":19},"end":{"line":165,"column":21}},"31":{"start":{"line":166,"column":18},"end":{"line":166,"column":41}},"32":{"start":{"line":168,"column":22},"end":{"line":168,"column":26}},"33":{"start":{"line":169,"column":22},"end":{"line":169,"column":26}},"34":{"start":{"line":170,"column":20},"end":{"line":170,"column":22}},"35":{"start":{"line":172,"column":4},"end":{"line":190,"column":5}},"36":{"start":{"line":173,"column":6},"end":{"line":189,"column":7}},"37":{"start":{"line":175,"column":26},"end":{"line":175,"column":47}},"38":{"start":{"line":176,"column":8},"end":{"line":178,"column":9}},"39":{"start":{"line":177,"column":10},"end":{"line":177,"column":37}},"40":{"start":{"line":179,"column":13},"end":{"line":189,"column":7}},"41":{"start":{"line":181,"column":8},"end":{"line":183,"column":9}},"42":{"start":{"line":182,"column":10},"end":{"line":182,"column":77}},"43":{"start":{"line":184,"column":8},"end":{"line":184,"column":27}},"44":{"start":{"line":185,"column":8},"end":{"line":185,"column":23}},"45":{"start":{"line":186,"column":13},"end":{"line":189,"column":7}},"46":{"start":{"line":188,"column":8},"end":{"line":188,"column":29}},"47":{"start":{"line":193,"column":4},"end":{"line":195,"column":5}},"48":{"start":{"line":194,"column":6},"end":{"line":194,"column":73}},"49":{"start":{"line":197,"column":4},"end":{"line":197,"column":18}},"50":{"start":{"line":201,"column":23},"end":{"line":201,"column":96}},"51":{"start":{"line":201,"column":44},"end":{"line":201,"column":64}},"52":{"start":{"line":201,"column":78},"end":{"line":201,"column":95}},"53":{"start":{"line":202,"column":25},"end":{"line":202,"column":98}},"54":{"start":{"line":202,"column":46},"end":{"line":202,"column":66}},"55":{"start":{"line":202,"column":80},"end":{"line":202,"column":97}},"56":{"start":{"line":205,"column":22},"end":{"line":205,"column":80}},"57":{"start":{"line":206,"column":22},"end":{"line":206,"column":60}},"58":{"start":{"line":209,"column":4},"end":{"line":209,"column":79}},"59":{"start":{"line":213,"column":19},"end":{"line":213,"column":21}},"60":{"start":{"line":217,"column":18},"end":{"line":225,"column":5}},"61":{"start":{"line":227,"column":4},"end":{"line":227,"column":23}},"62":{"start":{"line":228,"column":4},"end":{"line":228,"column":18}},"63":{"start":{"line":232,"column":4},"end":{"line":234,"column":5}},"64":{"start":{"line":233,"column":6},"end":{"line":233,"column":24}},"65":{"start":{"line":235,"column":4},"end":{"line":237,"column":5}},"66":{"start":{"line":236,"column":6},"end":{"line":236,"column":21}},"67":{"start":{"line":238,"column":4},"end":{"line":240,"column":5}},"68":{"start":{"line":239,"column":6},"end":{"line":239,"column":23}},"69":{"start":{"line":241,"column":4},"end":{"line":243,"column":5}},"70":{"start":{"line":242,"column":6},"end":{"line":242,"column":31}},"71":{"start":{"line":244,"column":4},"end":{"line":244,"column":21}},"72":{"start":{"line":250,"column":28},"end":{"line":250,"column":42}},"73":{"start":{"line":253,"column":30},"end":{"line":253,"column":54}},"74":{"start":{"line":256,"column":17},"end":{"line":256,"column":43}},"75":{"start":{"line":257,"column":21},"end":{"line":257,"column":23}},"76":{"start":{"line":259,"column":2},"end":{"line":280,"column":3}},"77":{"start":{"line":260,"column":4},"end":{"line":260,"column":37}},"78":{"start":{"line":260,"column":28},"end":{"line":260,"column":37}},"79":{"start":{"line":263,"column":20},"end":{"line":263,"column":77}},"80":{"start":{"line":266,"column":65},"end":{"line":270,"column":6}},"81":{"start":{"line":273,"column":25},"end":{"line":277,"column":5}},"82":{"start":{"line":279,"column":4},"end":{"line":279,"column":37}},"83":{"start":{"line":282,"column":2},"end":{"line":282,"column":20}},"84":{"start":{"line":287,"column":2},"end":{"line":292,"column":6}},"85":{"start":{"line":287,"column":32},"end":{"line":292,"column":3}},"86":{"start":{"line":297,"column":17},"end":{"line":297,"column":58}},"87":{"start":{"line":298,"column":21},"end":{"line":298,"column":23}},"88":{"start":{"line":300,"column":2},"end":{"line":321,"column":3}},"89":{"start":{"line":301,"column":4},"end":{"line":301,"column":37}},"90":{"start":{"line":301,"column":28},"end":{"line":301,"column":37}},"91":{"start":{"line":304,"column":20},"end":{"line":304,"column":22}},"92":{"start":{"line":307,"column":65},"end":{"line":311,"column":6}},"93":{"start":{"line":314,"column":25},"end":{"line":318,"column":5}},"94":{"start":{"line":320,"column":4},"end":{"line":320,"column":37}},"95":{"start":{"line":323,"column":2},"end":{"line":323,"column":20}}},"fnMap":{"0":{"name":"securityReview","decl":{"start":{"line":7,"column":22},"end":{"line":7,"column":36}},"loc":{"start":{"line":7,"column":65},"end":{"line":49,"column":1}},"line":7},"1":{"name":"architectureReview","decl":{"start":{"line":52,"column":22},"end":{"line":52,"column":40}},"loc":{"start":{"line":52,"column":69},"end":{"line":95,"column":1}},"line":52},"2":{"name":"styleAndDocReview","decl":{"start":{"line":98,"column":22},"end":{"line":98,"column":39}},"loc":{"start":{"line":98,"column":68},"end":{"line":141,"column":1}},"line":98},"3":{"name":"parseAgentResponse","decl":{"start":{"line":144,"column":9},"end":{"line":144,"column":27}},"loc":{"start":{"line":144,"column":38},"end":{"line":160,"column":1}},"line":144},"4":{"name":"(anonymous_4)","decl":{"start":{"line":164,"column":2},"end":{"line":164,"column":3}},"loc":{"start":{"line":164,"column":36},"end":{"line":198,"column":3}},"line":164},"5":{"name":"(anonymous_5)","decl":{"start":{"line":200,"column":2},"end":{"line":200,"column":3}},"loc":{"start":{"line":200,"column":50},"end":{"line":210,"column":3}},"line":200},"6":{"name":"(anonymous_6)","decl":{"start":{"line":201,"column":36},"end":{"line":201,"column":37}},"loc":{"start":{"line":201,"column":44},"end":{"line":201,"column":64}},"line":201},"7":{"name":"(anonymous_7)","decl":{"start":{"line":201,"column":70},"end":{"line":201,"column":71}},"loc":{"start":{"line":201,"column":78},"end":{"line":201,"column":95}},"line":201},"8":{"name":"(anonymous_8)","decl":{"start":{"line":202,"column":38},"end":{"line":202,"column":39}},"loc":{"start":{"line":202,"column":46},"end":{"line":202,"column":66}},"line":202},"9":{"name":"(anonymous_9)","decl":{"start":{"line":202,"column":72},"end":{"line":202,"column":73}},"loc":{"start":{"line":202,"column":80},"end":{"line":202,"column":97}},"line":202},"10":{"name":"(anonymous_10)","decl":{"start":{"line":212,"column":2},"end":{"line":212,"column":3}},"loc":{"start":{"line":212,"column":72},"end":{"line":229,"column":3}},"line":212},"11":{"name":"(anonymous_11)","decl":{"start":{"line":231,"column":2},"end":{"line":231,"column":3}},"loc":{"start":{"line":231,"column":40},"end":{"line":245,"column":3}},"line":231},"12":{"name":"orchestrateReview","decl":{"start":{"line":249,"column":22},"end":{"line":249,"column":39}},"loc":{"start":{"line":249,"column":90},"end":{"line":283,"column":1}},"line":249},"13":{"name":"annotateResults","decl":{"start":{"line":286,"column":9},"end":{"line":286,"column":24}},"loc":{"start":{"line":286,"column":41},"end":{"line":293,"column":1}},"line":286},"14":{"name":"(anonymous_14)","decl":{"start":{"line":287,"column":21},"end":{"line":287,"column":22}},"loc":{"start":{"line":287,"column":32},"end":{"line":292,"column":3}},"line":287},"15":{"name":"orchestrateReviewWithoutRAG","decl":{"start":{"line":296,"column":22},"end":{"line":296,"column":49}},"loc":{"start":{"line":296,"column":100},"end":{"line":324,"column":1}},"line":296}},"branchMap":{"0":{"loc":{"start":{"line":148,"column":4},"end":{"line":151,"column":5}},"type":"if","locations":[{"start":{"line":148,"column":4},"end":{"line":151,"column":5}},{"start":{},"end":{}}],"line":148},"1":{"loc":{"start":{"line":150,"column":13},"end":{"line":150,"column":48}},"type":"cond-expr","locations":[{"start":{"line":150,"column":37},"end":{"line":150,"column":43}},{"start":{"line":150,"column":46},"end":{"line":150,"column":48}}],"line":150},"2":{"loc":{"start":{"line":155,"column":11},"end":{"line":155,"column":46}},"type":"cond-expr","locations":[{"start":{"line":155,"column":35},"end":{"line":155,"column":41}},{"start":{"line":155,"column":44},"end":{"line":155,"column":46}}],"line":155},"3":{"loc":{"start":{"line":173,"column":6},"end":{"line":189,"column":7}},"type":"if","locations":[{"start":{"line":173,"column":6},"end":{"line":189,"column":7}},{"start":{"line":179,"column":13},"end":{"line":189,"column":7}}],"line":173},"4":{"loc":{"start":{"line":176,"column":8},"end":{"line":178,"column":9}},"type":"if","locations":[{"start":{"line":176,"column":8},"end":{"line":178,"column":9}},{"start":{},"end":{}}],"line":176},"5":{"loc":{"start":{"line":179,"column":13},"end":{"line":189,"column":7}},"type":"if","locations":[{"start":{"line":179,"column":13},"end":{"line":189,"column":7}},{"start":{"line":186,"column":13},"end":{"line":189,"column":7}}],"line":179},"6":{"loc":{"start":{"line":181,"column":8},"end":{"line":183,"column":9}},"type":"if","locations":[{"start":{"line":181,"column":8},"end":{"line":183,"column":9}},{"start":{},"end":{}}],"line":181},"7":{"loc":{"start":{"line":181,"column":12},"end":{"line":181,"column":47}},"type":"binary-expr","locations":[{"start":{"line":181,"column":12},"end":{"line":181,"column":23}},{"start":{"line":181,"column":27},"end":{"line":181,"column":47}}],"line":181},"8":{"loc":{"start":{"line":186,"column":13},"end":{"line":189,"column":7}},"type":"if","locations":[{"start":{"line":186,"column":13},"end":{"line":189,"column":7}},{"start":{},"end":{}}],"line":186},"9":{"loc":{"start":{"line":186,"column":17},"end":{"line":186,"column":61}},"type":"binary-expr","locations":[{"start":{"line":186,"column":17},"end":{"line":186,"column":37}},{"start":{"line":186,"column":41},"end":{"line":186,"column":61}}],"line":186},"10":{"loc":{"start":{"line":193,"column":4},"end":{"line":195,"column":5}},"type":"if","locations":[{"start":{"line":193,"column":4},"end":{"line":195,"column":5}},{"start":{},"end":{}}],"line":193},"11":{"loc":{"start":{"line":193,"column":8},"end":{"line":193,"column":43}},"type":"binary-expr","locations":[{"start":{"line":193,"column":8},"end":{"line":193,"column":19}},{"start":{"line":193,"column":23},"end":{"line":193,"column":43}}],"line":193},"12":{"loc":{"start":{"line":206,"column":22},"end":{"line":206,"column":60}},"type":"cond-expr","locations":[{"start":{"line":206,"column":34},"end":{"line":206,"column":56}},{"start":{"line":206,"column":59},"end":{"line":206,"column":60}}],"line":206},"13":{"loc":{"start":{"line":232,"column":4},"end":{"line":234,"column":5}},"type":"if","locations":[{"start":{"line":232,"column":4},"end":{"line":234,"column":5}},{"start":{},"end":{}}],"line":232},"14":{"loc":{"start":{"line":232,"column":8},"end":{"line":232,"column":108}},"type":"binary-expr","locations":[{"start":{"line":232,"column":8},"end":{"line":232,"column":34}},{"start":{"line":232,"column":38},"end":{"line":232,"column":57}},{"start":{"line":232,"column":61},"end":{"line":232,"column":84}},{"start":{"line":232,"column":88},"end":{"line":232,"column":108}}],"line":232},"15":{"loc":{"start":{"line":235,"column":4},"end":{"line":237,"column":5}},"type":"if","locations":[{"start":{"line":235,"column":4},"end":{"line":237,"column":5}},{"start":{},"end":{}}],"line":235},"16":{"loc":{"start":{"line":238,"column":4},"end":{"line":240,"column":5}},"type":"if","locations":[{"start":{"line":238,"column":4},"end":{"line":240,"column":5}},{"start":{},"end":{}}],"line":238},"17":{"loc":{"start":{"line":241,"column":4},"end":{"line":243,"column":5}},"type":"if","locations":[{"start":{"line":241,"column":4},"end":{"line":243,"column":5}},{"start":{},"end":{}}],"line":241},"18":{"loc":{"start":{"line":241,"column":8},"end":{"line":241,"column":61}},"type":"binary-expr","locations":[{"start":{"line":241,"column":8},"end":{"line":241,"column":35}},{"start":{"line":241,"column":39},"end":{"line":241,"column":61}}],"line":241},"19":{"loc":{"start":{"line":249,"column":61},"end":{"line":249,"column":88}},"type":"default-arg","locations":[{"start":{"line":249,"column":75},"end":{"line":249,"column":88}}],"line":249},"20":{"loc":{"start":{"line":260,"column":4},"end":{"line":260,"column":37}},"type":"if","locations":[{"start":{"line":260,"column":4},"end":{"line":260,"column":37}},{"start":{},"end":{}}],"line":260},"21":{"loc":{"start":{"line":296,"column":71},"end":{"line":296,"column":98}},"type":"default-arg","locations":[{"start":{"line":296,"column":85},"end":{"line":296,"column":98}}],"line":296},"22":{"loc":{"start":{"line":301,"column":4},"end":{"line":301,"column":37}},"type":"if","locations":[{"start":{"line":301,"column":4},"end":{"line":301,"column":37}},{"start":{},"end":{}}],"line":301}},"s":{"0":0,"1":0,"2":0,"3":0,"4":0,"5":0,"6":0,"7":0,"8":0,"9":0,"10":0,"11":0,"12":0,"13":0,"14":0,"15":0,"16":0,"17":0,"18":0,"19":0,"20":0,"21":0,"22":0,"23":0,"24":0,"25":0,"26":0,"27":0,"28":0,"29":0,"30":0,"31":0,"32":0,"33":0,"34":0,"35":0,"36":0,"37":0,"38":0,"39":0,"40":0,"41":0,"42":0,"43":0,"44":0,"45":0,"46":0,"47":0,"48":0,"49":0,"50":0,"51":0,"52":0,"53":0,"54":0,"55":0,"56":0,"57":0,"58":0,"59":0,"60":0,"61":0,"62":0,"63":0,"64":0,"65":0,"66":0,"67":0,"68":0,"69":0,"70":0,"71":0,"72":0,"73":0,"74":0,"75":0,"76":0,"77":0,"78":0,"79":0,"80":0,"81":0,"82":0,"83":0,"84":0,"85":0,"86":0,"87":0,"88":0,"89":0,"90":0,"91":0,"92":0,"93":0,"94":0,"95":0},"f":{"0":0,"1":0,"2":0,"3":0,"4":0,"5":0,"6":0,"7":0,"8":0,"9":0,"10":0,"11":0,"12":0,"13":0,"14":0,"15":0},"b":{"0":[0,0],"1":[0,0],"2":[0,0],"3":[0,0],"4":[0,0],"5":[0,0],"6":[0,0],"7":[0,0],"8":[0,0],"9":[0,0],"10":[0,0],"11":[0,0],"12":[0,0],"13":[0,0],"14":[0,0,0,0],"15":[0,0],"16":[0,0],"17":[0,0],"18":[0,0],"19":[0],"20":[0,0],"21":[0],"22":[0,0]}}
,"/home/lade/GitHub/codeflow-commander---nexus-gateway/cli-tool/bin/codeflow-hook.js": {"path":"/home/lade/GitHub/codeflow-commander---nexus-gateway/cli-tool/bin/codeflow-hook.js","statementMap":{"0":{"start":{"line":33,"column":16},"end":{"line":33,"column":29}},"1":{"start":{"line":35,"column":0},"end":{"line":38,"column":20}},"2":{"start":{"line":41,"column":0},"end":{"line":187,"column":5}},"3":{"start":{"line":50,"column":20},"end":{"line":50,"column":63}},"4":{"start":{"line":51,"column":22},"end":{"line":51,"column":58}},"5":{"start":{"line":52,"column":4},"end":{"line":54,"column":5}},"6":{"start":{"line":53,"column":6},"end":{"line":53,"column":51}},"7":{"start":{"line":56,"column":23},"end":{"line":56,"column":58}},"8":{"start":{"line":59,"column":30},"end":{"line":59,"column":74}},"9":{"start":{"line":60,"column":26},"end":{"line":60,"column":120}},"10":{"start":{"line":62,"column":27},"end":{"line":62,"column":107}},"11":{"start":{"line":65,"column":4},"end":{"line":71,"column":5}},"12":{"start":{"line":66,"column":6},"end":{"line":66,"column":84}},"13":{"start":{"line":67,"column":6},"end":{"line":67,"column":73}},"14":{"start":{"line":68,"column":6},"end":{"line":70,"column":7}},"15":{"start":{"line":69,"column":8},"end":{"line":69,"column":67}},"16":{"start":{"line":74,"column":30},"end":{"line":74,"column":101}},"17":{"start":{"line":75,"column":28},"end":{"line":75,"column":64}},"18":{"start":{"line":79,"column":22},"end":{"line":79,"column":35}},"19":{"start":{"line":80,"column":29},"end":{"line":80,"column":79}},"20":{"start":{"line":81,"column":27},"end":{"line":81,"column":56}},"21":{"start":{"line":83,"column":4},"end":{"line":83,"column":132}},"22":{"start":{"line":85,"column":4},"end":{"line":100,"column":5}},"23":{"start":{"line":86,"column":6},"end":{"line":86,"column":88}},"24":{"start":{"line":87,"column":32},"end":{"line":87,"column":74}},"25":{"start":{"line":89,"column":6},"end":{"line":97,"column":7}},"26":{"start":{"line":90,"column":8},"end":{"line":90,"column":65}},"27":{"start":{"line":91,"column":8},"end":{"line":91,"column":55}},"28":{"start":{"line":93,"column":8},"end":{"line":93,"column":52}},"29":{"start":{"line":94,"column":8},"end":{"line":94,"column":55}},"30":{"start":{"line":95,"column":8},"end":{"line":95,"column":152}},"31":{"start":{"line":96,"column":8},"end":{"line":96,"column":24}},"32":{"start":{"line":99,"column":6},"end":{"line":99,"column":88}},"33":{"start":{"line":103,"column":19},"end":{"line":108,"column":5}},"34":{"start":{"line":111,"column":4},"end":{"line":163,"column":5}},"35":{"start":{"line":113,"column":28},"end":{"line":113,"column":128}},"36":{"start":{"line":114,"column":24},"end":{"line":114,"column":37}},"37":{"start":{"line":116,"column":32},"end":{"line":116,"column":83}},"38":{"start":{"line":118,"column":6},"end":{"line":159,"column":7}},"39":{"start":{"line":119,"column":8},"end":{"line":119,"column":67}},"40":{"start":{"line":121,"column":29},"end":{"line":121,"column":61}},"41":{"start":{"line":122,"column":8},"end":{"line":155,"column":9}},"42":{"start":{"line":123,"column":25},"end":{"line":123,"column":74}},"43":{"start":{"line":124,"column":10},"end":{"line":124,"column":62}},"44":{"start":{"line":126,"column":10},"end":{"line":126,"column":55}},"45":{"start":{"line":127,"column":10},"end":{"line":129,"column":13}},"46":{"start":{"line":128,"column":12},"end":{"line":128,"column":64}},"47":{"start":{"line":131,"column":21},"end":{"line":134,"column":12}},"48":{"start":{"line":136,"column":32},"end":{"line":141,"column":12}},"49":{"start":{"line":137,"column":12},"end":{"line":140,"column":15}},"50":{"start":{"line":138,"column":14},"end":{"line":138,"column":25}},"51":{"start":{"line":139,"column":14},"end":{"line":139,"column":36}},"52":{"start":{"line":144,"column":24},"end":{"line":144,"column":51}},"53":{"start":{"line":145,"column":10},"end":{"line":149,"column":11}},"54":{"start":{"line":146,"column":12},"end":{"line":146,"column":49}},"55":{"start":{"line":148,"column":12},"end":{"line":148,"column":41}},"56":{"start":{"line":151,"column":10},"end":{"line":151,"column":81}},"57":{"start":{"line":153,"column":10},"end":{"line":153,"column":79}},"58":{"start":{"line":158,"column":8},"end":{"line":158,"column":138}},"59":{"start":{"line":162,"column":6},"end":{"line":162,"column":75}},"60":{"start":{"line":166,"column":4},"end":{"line":180,"column":5}},"61":{"start":{"line":167,"column":6},"end":{"line":179,"column":7}},"62":{"start":{"line":169,"column":10},"end":{"line":169,"column":71}},"63":{"start":{"line":170,"column":10},"end":{"line":170,"column":16}},"64":{"start":{"line":172,"column":10},"end":{"line":172,"column":66}},"65":{"start":{"line":173,"column":10},"end":{"line":173,"column":16}},"66":{"start":{"line":177,"column":10},"end":{"line":177,"column":80}},"67":{"start":{"line":178,"column":10},"end":{"line":178,"column":16}},"68":{"start":{"line":182,"column":4},"end":{"line":182,"column":66}},"69":{"start":{"line":183,"column":4},"end":{"line":183,"column":86}},"70":{"start":{"line":184,"column":4},"end":{"line":186,"column":5}},"71":{"start":{"line":185,"column":6},"end":{"line":185,"column":60}},"72":{"start":{"line":190,"column":0},"end":{"line":219,"column":5}},"73":{"start":{"line":195,"column":4},"end":{"line":218,"column":5}},"74":{"start":{"line":196,"column":22},"end":{"line":196,"column":78}},"75":{"start":{"line":198,"column":21},"end":{"line":200,"column":8}},"76":{"start":{"line":202,"column":6},"end":{"line":202,"column":55}},"77":{"start":{"line":203,"column":6},"end":{"line":203,"column":54}},"78":{"start":{"line":205,"column":6},"end":{"line":207,"column":7}},"79":{"start":{"line":206,"column":8},"end":{"line":206,"column":76}},"80":{"start":{"line":209,"column":6},"end":{"line":211,"column":7}},"81":{"start":{"line":210,"column":8},"end":{"line":210,"column":86}},"82":{"start":{"line":213,"column":6},"end":{"line":213,"column":95}},"83":{"start":{"line":216,"column":6},"end":{"line":216,"column":68}},"84":{"start":{"line":217,"column":6},"end":{"line":217,"column":22}},"85":{"start":{"line":222,"column":0},"end":{"line":279,"column":5}},"86":{"start":{"line":227,"column":20},"end":{"line":227,"column":58}},"87":{"start":{"line":228,"column":4},"end":{"line":278,"column":5}},"88":{"start":{"line":229,"column":23},"end":{"line":229,"column":53}},"89":{"start":{"line":230,"column":6},"end":{"line":232,"column":7}},"90":{"start":{"line":231,"column":8},"end":{"line":231,"column":52}},"91":{"start":{"line":235,"column":28},"end":{"line":246,"column":1}},"92":{"start":{"line":248,"column":6},"end":{"line":248,"column":90}},"93":{"start":{"line":250,"column":26},"end":{"line":266,"column":1}},"94":{"start":{"line":267,"column":6},"end":{"line":267,"column":86}},"95":{"start":{"line":269,"column":6},"end":{"line":269,"column":58}},"96":{"start":{"line":270,"column":6},"end":{"line":270,"column":53}},"97":{"start":{"line":271,"column":6},"end":{"line":271,"column":79}},"98":{"start":{"line":272,"column":6},"end":{"line":272,"column":87}},"99":{"start":{"line":275,"column":6},"end":{"line":275,"column":46}},"100":{"start":{"line":276,"column":6},"end":{"line":276,"column":46}},"101":{"start":{"line":277,"column":6},"end":{"line":277,"column":22}},"102":{"start":{"line":282,"column":0},"end":{"line":329,"column":5}},"103":{"start":{"line":288,"column":4},"end":{"line":328,"column":5}},"104":{"start":{"line":290,"column":24},"end":{"line":290,"column":28}},"105":{"start":{"line":291,"column":6},"end":{"line":297,"column":7}},"106":{"start":{"line":292,"column":23},"end":{"line":292,"column":25}},"107":{"start":{"line":293,"column":8},"end":{"line":295,"column":9}},"108":{"start":{"line":294,"column":10},"end":{"line":294,"column":29}},"109":{"start":{"line":296,"column":8},"end":{"line":296,"column":61}},"110":{"start":{"line":299,"column":6},"end":{"line":302,"column":7}},"111":{"start":{"line":300,"column":8},"end":{"line":300,"column":61}},"112":{"start":{"line":301,"column":8},"end":{"line":301,"column":15}},"113":{"start":{"line":304,"column":6},"end":{"line":304,"column":83}},"114":{"start":{"line":306,"column":21},"end":{"line":309,"column":8}},"115":{"start":{"line":311,"column":6},"end":{"line":323,"column":7}},"116":{"start":{"line":312,"column":8},"end":{"line":312,"column":56}},"117":{"start":{"line":313,"column":8},"end":{"line":313,"column":51}},"118":{"start":{"line":315,"column":8},"end":{"line":319,"column":9}},"119":{"start":{"line":316,"column":10},"end":{"line":316,"column":81}},"120":{"start":{"line":317,"column":10},"end":{"line":317,"column":97}},"121":{"start":{"line":318,"column":10},"end":{"line":318,"column":88}},"122":{"start":{"line":321,"column":8},"end":{"line":321,"column":71}},"123":{"start":{"line":322,"column":8},"end":{"line":322,"column":24}},"124":{"start":{"line":326,"column":6},"end":{"line":326,"column":67}},"125":{"start":{"line":327,"column":6},"end":{"line":327,"column":22}},"126":{"start":{"line":332,"column":0},"end":{"line":365,"column":5}},"127":{"start":{"line":339,"column":4},"end":{"line":364,"column":5}},"128":{"start":{"line":340,"column":22},"end":{"line":340,"column":63}},"129":{"start":{"line":341,"column":24},"end":{"line":341,"column":39}},"130":{"start":{"line":342,"column":6},"end":{"line":342,"column":35}},"131":{"start":{"line":343,"column":6},"end":{"line":343,"column":42}},"132":{"start":{"line":345,"column":30},"end":{"line":345,"column":56}},"133":{"start":{"line":346,"column":30},"end":{"line":346,"column":56}},"134":{"start":{"line":348,"column":21},"end":{"line":352,"column":8}},"135":{"start":{"line":354,"column":6},"end":{"line":359,"column":7}},"136":{"start":{"line":355,"column":8},"end":{"line":355,"column":72}},"137":{"start":{"line":357,"column":8},"end":{"line":357,"column":66}},"138":{"start":{"line":358,"column":8},"end":{"line":358,"column":122}},"139":{"start":{"line":362,"column":6},"end":{"line":362,"column":72}},"140":{"start":{"line":363,"column":6},"end":{"line":363,"column":22}},"141":{"start":{"line":367,"column":0},"end":{"line":415,"column":5}},"142":{"start":{"line":374,"column":4},"end":{"line":414,"column":5}},"143":{"start":{"line":375,"column":6},"end":{"line":379,"column":7}},"144":{"start":{"line":376,"column":8},"end":{"line":376,"column":67}},"145":{"start":{"line":377,"column":8},"end":{"line":377,"column":85}},"146":{"start":{"line":378,"column":8},"end":{"line":378,"column":24}},"147":{"start":{"line":381,"column":22},"end":{"line":381,"column":63}},"148":{"start":{"line":382,"column":24},"end":{"line":382,"column":39}},"149":{"start":{"line":383,"column":6},"end":{"line":383,"column":35}},"150":{"start":{"line":384,"column":6},"end":{"line":384,"column":42}},"151":{"start":{"line":386,"column":6},"end":{"line":386,"column":71}},"152":{"start":{"line":388,"column":23},"end":{"line":390,"column":8}},"153":{"start":{"line":392,"column":6},"end":{"line":392,"column":56}},"154":{"start":{"line":393,"column":6},"end":{"line":395,"column":9}},"155":{"start":{"line":394,"column":8},"end":{"line":394,"column":106}},"156":{"start":{"line":396,"column":6},"end":{"line":396,"column":20}},"157":{"start":{"line":399,"column":25},"end":{"line":399,"column":81}},"158":{"start":{"line":400,"column":6},"end":{"line":403,"column":7}},"159":{"start":{"line":401,"column":8},"end":{"line":401,"column":102}},"160":{"start":{"line":402,"column":8},"end":{"line":402,"column":24}},"161":{"start":{"line":405,"column":21},"end":{"line":405,"column":68}},"162":{"start":{"line":406,"column":25},"end":{"line":406,"column":78}},"163":{"start":{"line":408,"column":6},"end":{"line":408,"column":66}},"164":{"start":{"line":409,"column":6},"end":{"line":409,"column":30}},"165":{"start":{"line":412,"column":6},"end":{"line":412,"column":72}},"166":{"start":{"line":413,"column":6},"end":{"line":413,"column":22}},"167":{"start":{"line":417,"column":0},"end":{"line":439,"column":5}},"168":{"start":{"line":421,"column":4},"end":{"line":438,"column":5}},"169":{"start":{"line":422,"column":24},"end":{"line":422,"column":39}},"170":{"start":{"line":423,"column":6},"end":{"line":423,"column":35}},"171":{"start":{"line":425,"column":20},"end":{"line":425,"column":40}},"172":{"start":{"line":426,"column":6},"end":{"line":426,"column":54}},"173":{"start":{"line":427,"column":6},"end":{"line":427,"column":20}},"174":{"start":{"line":428,"column":6},"end":{"line":428,"column":78}},"175":{"start":{"line":429,"column":6},"end":{"line":429,"column":75}},"176":{"start":{"line":430,"column":6},"end":{"line":430,"column":78}},"177":{"start":{"line":431,"column":6},"end":{"line":431,"column":94}},"178":{"start":{"line":432,"column":6},"end":{"line":432,"column":70}},"179":{"start":{"line":433,"column":6},"end":{"line":433,"column":65}},"180":{"start":{"line":436,"column":6},"end":{"line":436,"column":77}},"181":{"start":{"line":437,"column":6},"end":{"line":437,"column":22}},"182":{"start":{"line":441,"column":0},"end":{"line":455,"column":5}},"183":{"start":{"line":445,"column":4},"end":{"line":454,"column":5}},"184":{"start":{"line":446,"column":22},"end":{"line":446,"column":58}},"185":{"start":{"line":447,"column":24},"end":{"line":447,"column":39}},"186":{"start":{"line":448,"column":6},"end":{"line":448,"column":35}},"187":{"start":{"line":449,"column":6},"end":{"line":449,"column":35}},"188":{"start":{"line":450,"column":6},"end":{"line":450,"column":43}},"189":{"start":{"line":452,"column":6},"end":{"line":452,"column":78}},"190":{"start":{"line":453,"column":6},"end":{"line":453,"column":22}},"191":{"start":{"line":458,"column":0},"end":{"line":510,"column":5}},"192":{"start":{"line":467,"column":4},"end":{"line":509,"column":5}},"193":{"start":{"line":468,"column":21},"end":{"line":468,"column":33}},"194":{"start":{"line":470,"column":6},"end":{"line":505,"column":7}},"195":{"start":{"line":472,"column":10},"end":{"line":476,"column":11}},"196":{"start":{"line":473,"column":12},"end":{"line":473,"column":82}},"197":{"start":{"line":474,"column":12},"end":{"line":474,"column":104}},"198":{"start":{"line":475,"column":12},"end":{"line":475,"column":28}},"199":{"start":{"line":477,"column":10},"end":{"line":477,"column":93}},"200":{"start":{"line":478,"column":10},"end":{"line":478,"column":16}},"201":{"start":{"line":481,"column":10},"end":{"line":481,"column":52}},"202":{"start":{"line":482,"column":10},"end":{"line":482,"column":16}},"203":{"start":{"line":485,"column":10},"end":{"line":489,"column":11}},"204":{"start":{"line":486,"column":12},"end":{"line":486,"column":82}},"205":{"start":{"line":487,"column":12},"end":{"line":487,"column":95}},"206":{"start":{"line":488,"column":12},"end":{"line":488,"column":28}},"207":{"start":{"line":490,"column":10},"end":{"line":490,"column":54}},"208":{"start":{"line":491,"column":10},"end":{"line":491,"column":16}},"209":{"start":{"line":494,"column":10},"end":{"line":494,"column":46}},"210":{"start":{"line":495,"column":10},"end":{"line":495,"column":16}},"211":{"start":{"line":498,"column":10},"end":{"line":498,"column":46}},"212":{"start":{"line":499,"column":10},"end":{"line":499,"column":16}},"213":{"start":{"line":502,"column":10},"end":{"line":502,"column":64}},"214":{"start":{"line":503,"column":10},"end":{"line":503,"column":101}},"215":{"start":{"line":504,"column":10},"end":{"line":504,"column":26}},"216":{"start":{"line":507,"column":6},"end":{"line":507,"column":77}},"217":{"start":{"line":508,"column":6},"end":{"line":508,"column":22}},"218":{"start":{"line":513,"column":0},"end":{"line":565,"column":5}},"219":{"start":{"line":517,"column":4},"end":{"line":517,"column":55}},"220":{"start":{"line":518,"column":4},"end":{"line":518,"column":18}},"221":{"start":{"line":521,"column":29},"end":{"line":521,"column":85}},"222":{"start":{"line":522,"column":30},"end":{"line":522,"column":74}},"223":{"start":{"line":524,"column":28},"end":{"line":524,"column":59}},"224":{"start":{"line":525,"column":29},"end":{"line":525,"column":61}},"225":{"start":{"line":527,"column":4},"end":{"line":531,"column":5}},"226":{"start":{"line":528,"column":6},"end":{"line":528,"column":84}},"227":{"start":{"line":530,"column":6},"end":{"line":530,"column":70}},"228":{"start":{"line":533,"column":4},"end":{"line":537,"column":5}},"229":{"start":{"line":534,"column":6},"end":{"line":534,"column":64}},"230":{"start":{"line":536,"column":6},"end":{"line":536,"column":94}},"231":{"start":{"line":539,"column":4},"end":{"line":541,"column":5}},"232":{"start":{"line":540,"column":6},"end":{"line":540,"column":97}},"233":{"start":{"line":544,"column":21},"end":{"line":544,"column":33}},"234":{"start":{"line":545,"column":26},"end":{"line":545,"column":59}},"235":{"start":{"line":546,"column":24},"end":{"line":546,"column":55}},"236":{"start":{"line":548,"column":4},"end":{"line":552,"column":5}},"237":{"start":{"line":549,"column":6},"end":{"line":549,"column":69}},"238":{"start":{"line":551,"column":6},"end":{"line":551,"column":71}},"239":{"start":{"line":554,"column":4},"end":{"line":558,"column":5}},"240":{"start":{"line":555,"column":6},"end":{"line":555,"column":67}},"241":{"start":{"line":557,"column":6},"end":{"line":557,"column":69}},"242":{"start":{"line":560,"column":4},"end":{"line":560,"column":18}},"243":{"start":{"line":561,"column":4},"end":{"line":561,"column":40}},"244":{"start":{"line":562,"column":4},"end":{"line":562,"column":106}},"245":{"start":{"line":563,"column":4},"end":{"line":563,"column":105}},"246":{"start":{"line":564,"column":4},"end":{"line":564,"column":92}},"247":{"start":{"line":568,"column":2},"end":{"line":582,"column":3}},"248":{"start":{"line":570,"column":29},"end":{"line":570,"column":117}},"249":{"start":{"line":571,"column":6},"end":{"line":571,"column":80}},"250":{"start":{"line":571,"column":49},"end":{"line":571,"column":78}},"251":{"start":{"line":573,"column":29},"end":{"line":575,"column":8}},"252":{"start":{"line":576,"column":6},"end":{"line":576,"column":53}},"253":{"start":{"line":576,"column":47},"end":{"line":576,"column":51}},"254":{"start":{"line":578,"column":6},"end":{"line":578,"column":106}},"255":{"start":{"line":579,"column":6},"end":{"line":579,"column":41}},"256":{"start":{"line":581,"column":6},"end":{"line":581,"column":16}},"257":{"start":{"line":586,"column":2},"end":{"line":595,"column":3}},"258":{"start":{"line":588,"column":6},"end":{"line":588,"column":80}},"259":{"start":{"line":590,"column":6},"end":{"line":590,"column":56}},"260":{"start":{"line":592,"column":6},"end":{"line":592,"column":95}},"261":{"start":{"line":594,"column":6},"end":{"line":594,"column":16}},"262":{"start":{"line":599,"column":2},"end":{"line":622,"column":24}},"263":{"start":{"line":626,"column":2},"end":{"line":634,"column":3}},"264":{"start":{"line":628,"column":6},"end":{"line":628,"column":40}},"265":{"start":{"line":630,"column":6},"end":{"line":630,"column":40}},"266":{"start":{"line":633,"column":6},"end":{"line":633,"column":40}},"267":{"start":{"line":638,"column":18},"end":{"line":650,"column":3}},"268":{"start":{"line":652,"column":14},"end":{"line":652,"column":85}},"269":{"start":{"line":653,"column":19},"end":{"line":657,"column":4}},"270":{"start":{"line":659,"column":2},"end":{"line":659,"column":59}},"271":{"start":{"line":663,"column":18},"end":{"line":668,"column":3}},"272":{"start":{"line":670,"column":19},"end":{"line":675,"column":4}},"273":{"start":{"line":677,"column":2},"end":{"line":677,"column":50}},"274":{"start":{"line":681,"column":18},"end":{"line":685,"column":3}},"275":{"start":{"line":687,"column":19},"end":{"line":693,"column":4}},"276":{"start":{"line":695,"column":2},"end":{"line":695,"column":39}},"277":{"start":{"line":700,"column":16},"end":{"line":700,"column":34}},"278":{"start":{"line":702,"column":2},"end":{"line":724,"column":3}},"279":{"start":{"line":703,"column":4},"end":{"line":723,"column":5}},"280":{"start":{"line":704,"column":21},"end":{"line":704,"column":58}},"281":{"start":{"line":705,"column":6},"end":{"line":714,"column":7}},"282":{"start":{"line":706,"column":22},"end":{"line":706,"column":41}},"283":{"start":{"line":707,"column":8},"end":{"line":713,"column":9}},"284":{"start":{"line":708,"column":10},"end":{"line":708,"column":48}},"285":{"start":{"line":709,"column":15},"end":{"line":713,"column":9}},"286":{"start":{"line":710,"column":10},"end":{"line":710,"column":51}},"287":{"start":{"line":712,"column":10},"end":{"line":712,"column":46}},"288":{"start":{"line":715,"column":11},"end":{"line":723,"column":5}},"289":{"start":{"line":716,"column":6},"end":{"line":716,"column":36}},"290":{"start":{"line":717,"column":11},"end":{"line":723,"column":5}},"291":{"start":{"line":718,"column":6},"end":{"line":718,"column":36}},"292":{"start":{"line":719,"column":11},"end":{"line":723,"column":5}},"293":{"start":{"line":720,"column":6},"end":{"line":720,"column":36}},"294":{"start":{"line":722,"column":6},"end":{"line":722,"column":24}},"295":{"start":{"line":726,"column":2},"end":{"line":726,"column":16}},"296":{"start":{"line":730,"column":2},"end":{"line":733,"column":3}},"297":{"start":{"line":731,"column":4},"end":{"line":731,"column":67}},"298":{"start":{"line":732,"column":4},"end":{"line":732,"column":11}},"299":{"start":{"line":736,"column":25},"end":{"line":736,"column":27}},"300":{"start":{"line":737,"column":23},"end":{"line":737,"column":75}},"301":{"start":{"line":739,"column":2},"end":{"line":748,"column":3}},"302":{"start":{"line":740,"column":16},"end":{"line":740,"column":52}},"303":{"start":{"line":741,"column":4},"end":{"line":743,"column":5}},"304":{"start":{"line":742,"column":6},"end":{"line":742,"column":31}},"305":{"start":{"line":744,"column":4},"end":{"line":744,"column":37}},"306":{"start":{"line":747,"column":4},"end":{"line":747,"column":46}},"307":{"start":{"line":751,"column":2},"end":{"line":751,"column":53}},"308":{"start":{"line":752,"column":2},"end":{"line":752,"column":65}},"309":{"start":{"line":753,"column":2},"end":{"line":753,"column":75}},"310":{"start":{"line":754,"column":2},"end":{"line":754,"column":79}},"311":{"start":{"line":755,"column":2},"end":{"line":755,"column":16}},"312":{"start":{"line":758,"column":2},"end":{"line":771,"column":3}},"313":{"start":{"line":759,"column":30},"end":{"line":759,"column":49}},"314":{"start":{"line":760,"column":4},"end":{"line":760,"column":59}},"315":{"start":{"line":762,"column":4},"end":{"line":769,"column":5}},"316":{"start":{"line":763,"column":28},"end":{"line":763,"column":61}},"317":{"start":{"line":764,"column":23},"end":{"line":764,"column":47}},"318":{"start":{"line":765,"column":6},"end":{"line":765,"column":94}},"319":{"start":{"line":766,"column":6},"end":{"line":768,"column":7}},"320":{"start":{"line":767,"column":8},"end":{"line":767,"column":67}},"321":{"start":{"line":770,"column":4},"end":{"line":770,"column":18}},"322":{"start":{"line":775,"column":2},"end":{"line":786,"column":3}},"323":{"start":{"line":777,"column":6},"end":{"line":777,"column":29}},"324":{"start":{"line":779,"column":6},"end":{"line":779,"column":29}},"325":{"start":{"line":781,"column":6},"end":{"line":781,"column":32}},"326":{"start":{"line":783,"column":6},"end":{"line":783,"column":31}},"327":{"start":{"line":785,"column":6},"end":{"line":785,"column":29}},"328":{"start":{"line":790,"column":2},"end":{"line":799,"column":3}},"329":{"start":{"line":792,"column":6},"end":{"line":792,"column":18}},"330":{"start":{"line":794,"column":6},"end":{"line":794,"column":20}},"331":{"start":{"line":796,"column":6},"end":{"line":796,"column":18}},"332":{"start":{"line":798,"column":6},"end":{"line":798,"column":17}},"333":{"start":{"line":804,"column":2},"end":{"line":807,"column":3}},"334":{"start":{"line":805,"column":4},"end":{"line":805,"column":67}},"335":{"start":{"line":806,"column":4},"end":{"line":806,"column":11}},"336":{"start":{"line":810,"column":2},"end":{"line":817,"column":3}},"337":{"start":{"line":811,"column":4},"end":{"line":811,"column":52}},"338":{"start":{"line":812,"column":4},"end":{"line":812,"column":72}},"339":{"start":{"line":813,"column":4},"end":{"line":813,"column":70}},"340":{"start":{"line":814,"column":4},"end":{"line":814,"column":70}},"341":{"start":{"line":815,"column":4},"end":{"line":815,"column":86}},"342":{"start":{"line":816,"column":4},"end":{"line":816,"column":18}},"343":{"start":{"line":820,"column":2},"end":{"line":826,"column":3}},"344":{"start":{"line":821,"column":4},"end":{"line":821,"column":47}},"345":{"start":{"line":822,"column":4},"end":{"line":822,"column":91}},"346":{"start":{"line":823,"column":4},"end":{"line":823,"column":103}},"347":{"start":{"line":824,"column":4},"end":{"line":824,"column":106}},"348":{"start":{"line":825,"column":4},"end":{"line":825,"column":18}},"349":{"start":{"line":829,"column":2},"end":{"line":837,"column":3}},"350":{"start":{"line":830,"column":4},"end":{"line":830,"column":50}},"351":{"start":{"line":831,"column":4},"end":{"line":835,"column":7}},"352":{"start":{"line":832,"column":28},"end":{"line":832,"column":60}},"353":{"start":{"line":833,"column":23},"end":{"line":833,"column":46}},"354":{"start":{"line":834,"column":6},"end":{"line":834,"column":92}},"355":{"start":{"line":836,"column":4},"end":{"line":836,"column":18}},"356":{"start":{"line":840,"column":2},"end":{"line":850,"column":3}},"357":{"start":{"line":841,"column":4},"end":{"line":841,"column":52}},"358":{"start":{"line":842,"column":4},"end":{"line":848,"column":7}},"359":{"start":{"line":843,"column":28},"end":{"line":843,"column":58}},"360":{"start":{"line":844,"column":6},"end":{"line":844,"column":61}},"361":{"start":{"line":845,"column":6},"end":{"line":847,"column":7}},"362":{"start":{"line":846,"column":8},"end":{"line":846,"column":61}},"363":{"start":{"line":849,"column":4},"end":{"line":849,"column":18}},"364":{"start":{"line":853,"column":2},"end":{"line":862,"column":3}},"365":{"start":{"line":854,"column":4},"end":{"line":854,"column":49}},"366":{"start":{"line":855,"column":4},"end":{"line":860,"column":7}},"367":{"start":{"line":856,"column":25},"end":{"line":856,"column":56}},"368":{"start":{"line":857,"column":26},"end":{"line":857,"column":63}},"369":{"start":{"line":858,"column":6},"end":{"line":858,"column":84}},"370":{"start":{"line":859,"column":6},"end":{"line":859,"column":85}},"371":{"start":{"line":861,"column":4},"end":{"line":861,"column":18}},"372":{"start":{"line":868,"column":0},"end":{"line":967,"column":5}},"373":{"start":{"line":876,"column":4},"end":{"line":966,"column":5}},"374":{"start":{"line":878,"column":24},"end":{"line":878,"column":28}},"375":{"start":{"line":879,"column":6},"end":{"line":885,"column":7}},"376":{"start":{"line":880,"column":23},"end":{"line":880,"column":25}},"377":{"start":{"line":881,"column":8},"end":{"line":883,"column":9}},"378":{"start":{"line":882,"column":10},"end":{"line":882,"column":29}},"379":{"start":{"line":884,"column":8},"end":{"line":884,"column":61}},"380":{"start":{"line":887,"column":6},"end":{"line":890,"column":7}},"381":{"start":{"line":888,"column":8},"end":{"line":888,"column":76}},"382":{"start":{"line":889,"column":8},"end":{"line":889,"column":15}},"383":{"start":{"line":892,"column":6},"end":{"line":892,"column":80}},"384":{"start":{"line":894,"column":25},"end":{"line":894,"column":54}},"385":{"start":{"line":895,"column":22},"end":{"line":901,"column":7}},"386":{"start":{"line":904,"column":6},"end":{"line":909,"column":7}},"387":{"start":{"line":905,"column":8},"end":{"line":905,"column":66}},"388":{"start":{"line":906,"column":27},"end":{"line":906,"column":65}},"389":{"start":{"line":907,"column":8},"end":{"line":907,"column":47}},"390":{"start":{"line":908,"column":8},"end":{"line":908,"column":91}},"391":{"start":{"line":908,"column":56},"end":{"line":908,"column":87}},"392":{"start":{"line":912,"column":6},"end":{"line":917,"column":7}},"393":{"start":{"line":913,"column":8},"end":{"line":913,"column":65}},"394":{"start":{"line":914,"column":26},"end":{"line":914,"column":63}},"395":{"start":{"line":915,"column":8},"end":{"line":915,"column":45}},"396":{"start":{"line":916,"column":8},"end":{"line":916,"column":89}},"397":{"start":{"line":916,"column":55},"end":{"line":916,"column":85}},"398":{"start":{"line":920,"column":6},"end":{"line":925,"column":7}},"399":{"start":{"line":921,"column":8},"end":{"line":921,"column":67}},"400":{"start":{"line":922,"column":28},"end":{"line":922,"column":67}},"401":{"start":{"line":923,"column":8},"end":{"line":923,"column":49}},"402":{"start":{"line":924,"column":8},"end":{"line":924,"column":93}},"403":{"start":{"line":924,"column":57},"end":{"line":924,"column":89}},"404":{"start":{"line":928,"column":21},"end":{"line":928,"column":112}},"405":{"start":{"line":928,"column":60},"end":{"line":928,"column":111}},"406":{"start":{"line":929,"column":24},"end":{"line":929,"column":49}},"407":{"start":{"line":931,"column":6},"end":{"line":950,"column":7}},"408":{"start":{"line":932,"column":8},"end":{"line":932,"column":68}},"409":{"start":{"line":933,"column":8},"end":{"line":935,"column":11}},"410":{"start":{"line":934,"column":10},"end":{"line":934,"column":89}},"411":{"start":{"line":936,"column":13},"end":{"line":950,"column":7}},"412":{"start":{"line":937,"column":8},"end":{"line":937,"column":61}},"413":{"start":{"line":938,"column":8},"end":{"line":944,"column":11}},"414":{"start":{"line":939,"column":32},"end":{"line":939,"column":129}},"415":{"start":{"line":940,"column":10},"end":{"line":940,"column":119}},"416":{"start":{"line":941,"column":10},"end":{"line":943,"column":11}},"417":{"start":{"line":942,"column":12},"end":{"line":942,"column":72}},"418":{"start":{"line":946,"column":8},"end":{"line":949,"column":9}},"419":{"start":{"line":947,"column":10},"end":{"line":947,"column":87}},"420":{"start":{"line":948,"column":10},"end":{"line":948,"column":26}},"421":{"start":{"line":952,"column":6},"end":{"line":961,"column":7}},"422":{"start":{"line":953,"column":27},"end":{"line":953,"column":65}},"423":{"start":{"line":954,"column":8},"end":{"line":959,"column":21}},"424":{"start":{"line":960,"column":8},"end":{"line":960,"column":75}},"425":{"start":{"line":964,"column":6},"end":{"line":964,"column":76}},"426":{"start":{"line":965,"column":6},"end":{"line":965,"column":22}},"427":{"start":{"line":970,"column":0},"end":{"line":1042,"column":5}},"428":{"start":{"line":978,"column":4},"end":{"line":1041,"column":5}},"429":{"start":{"line":979,"column":6},"end":{"line":979,"column":72}},"430":{"start":{"line":981,"column":20},"end":{"line":981,"column":44}},"431":{"start":{"line":982,"column":29},"end":{"line":982,"column":91}},"432":{"start":{"line":983,"column":26},"end":{"line":983,"column":77}},"433":{"start":{"line":986,"column":26},"end":{"line":986,"column":78}},"434":{"start":{"line":988,"column":6},"end":{"line":988,"column":76}},"435":{"start":{"line":990,"column":30},"end":{"line":990,"column":32}},"436":{"start":{"line":992,"column":6},"end":{"line":998,"column":7}},"437":{"start":{"line":993,"column":8},"end":{"line":993,"column":43}},"438":{"start":{"line":993,"column":34},"end":{"line":993,"column":43}},"439":{"start":{"line":995,"column":24},"end":{"line":995,"column":53}},"440":{"start":{"line":996,"column":26},"end":{"line":996,"column":80}},"441":{"start":{"line":997,"column":8},"end":{"line":997,"column":43}},"442":{"start":{"line":1001,"column":28},"end":{"line":1003,"column":80}},"443":{"start":{"line":1002,"column":24},"end":{"line":1002,"column":82}},"444":{"start":{"line":1003,"column":24},"end":{"line":1003,"column":79}},"445":{"start":{"line":1005,"column":6},"end":{"line":1024,"column":7}},"446":{"start":{"line":1006,"column":8},"end":{"line":1006,"column":73}},"447":{"start":{"line":1008,"column":8},"end":{"line":1008,"column":92}},"448":{"start":{"line":1009,"column":8},"end":{"line":1019,"column":11}},"449":{"start":{"line":1010,"column":32},"end":{"line":1012,"column":85}},"450":{"start":{"line":1013,"column":10},"end":{"line":1013,"column":96}},"451":{"start":{"line":1014,"column":10},"end":{"line":1014,"column":81}},"452":{"start":{"line":1015,"column":10},"end":{"line":1015,"column":65}},"453":{"start":{"line":1016,"column":10},"end":{"line":1018,"column":11}},"454":{"start":{"line":1017,"column":12},"end":{"line":1017,"column":72}},"455":{"start":{"line":1021,"column":8},"end":{"line":1023,"column":9}},"456":{"start":{"line":1022,"column":10},"end":{"line":1022,"column":76}},"457":{"start":{"line":1027,"column":25},"end":{"line":1027,"column":59}},"458":{"start":{"line":1028,"column":6},"end":{"line":1035,"column":19}},"459":{"start":{"line":1036,"column":6},"end":{"line":1036,"column":73}},"460":{"start":{"line":1039,"column":6},"end":{"line":1039,"column":73}},"461":{"start":{"line":1040,"column":6},"end":{"line":1040,"column":22}},"462":{"start":{"line":1045,"column":0},"end":{"line":1112,"column":5}},"463":{"start":{"line":1053,"column":4},"end":{"line":1111,"column":5}},"464":{"start":{"line":1055,"column":24},"end":{"line":1055,"column":28}},"465":{"start":{"line":1056,"column":6},"end":{"line":1062,"column":7}},"466":{"start":{"line":1057,"column":23},"end":{"line":1057,"column":25}},"467":{"start":{"line":1058,"column":8},"end":{"line":1060,"column":9}},"468":{"start":{"line":1059,"column":10},"end":{"line":1059,"column":29}},"469":{"start":{"line":1061,"column":8},"end":{"line":1061,"column":61}},"470":{"start":{"line":1064,"column":6},"end":{"line":1067,"column":7}},"471":{"start":{"line":1065,"column":8},"end":{"line":1065,"column":70}},"472":{"start":{"line":1066,"column":8},"end":{"line":1066,"column":15}},"473":{"start":{"line":1069,"column":6},"end":{"line":1069,"column":77}},"474":{"start":{"line":1071,"column":25},"end":{"line":1074,"column":8}},"475":{"start":{"line":1076,"column":24},"end":{"line":1077,"column":78}},"476":{"start":{"line":1078,"column":24},"end":{"line":1079,"column":68}},"477":{"start":{"line":1081,"column":6},"end":{"line":1081,"column":98}},"478":{"start":{"line":1083,"column":6},"end":{"line":1090,"column":7}},"479":{"start":{"line":1084,"column":8},"end":{"line":1084,"column":56}},"480":{"start":{"line":1085,"column":8},"end":{"line":1089,"column":11}},"481":{"start":{"line":1086,"column":30},"end":{"line":1087,"column":76}},"482":{"start":{"line":1088,"column":10},"end":{"line":1088,"column":102}},"483":{"start":{"line":1092,"column":6},"end":{"line":1097,"column":7}},"484":{"start":{"line":1093,"column":8},"end":{"line":1093,"column":73}},"485":{"start":{"line":1094,"column":8},"end":{"line":1096,"column":11}},"486":{"start":{"line":1095,"column":10},"end":{"line":1095,"column":49}},"487":{"start":{"line":1099,"column":6},"end":{"line":1106,"column":7}},"488":{"start":{"line":1100,"column":8},"end":{"line":1100,"column":109}},"489":{"start":{"line":1101,"column":8},"end":{"line":1103,"column":9}},"490":{"start":{"line":1102,"column":10},"end":{"line":1102,"column":26}},"491":{"start":{"line":1105,"column":8},"end":{"line":1105,"column":63}},"492":{"start":{"line":1109,"column":6},"end":{"line":1109,"column":75}},"493":{"start":{"line":1110,"column":6},"end":{"line":1110,"column":22}},"494":{"start":{"line":1115,"column":0},"end":{"line":1180,"column":5}},"495":{"start":{"line":1122,"column":4},"end":{"line":1179,"column":5}},"496":{"start":{"line":1124,"column":24},"end":{"line":1124,"column":28}},"497":{"start":{"line":1125,"column":6},"end":{"line":1131,"column":7}},"498":{"start":{"line":1126,"column":23},"end":{"line":1126,"column":25}},"499":{"start":{"line":1127,"column":8},"end":{"line":1129,"column":9}},"500":{"start":{"line":1128,"column":10},"end":{"line":1128,"column":29}},"501":{"start":{"line":1130,"column":8},"end":{"line":1130,"column":61}},"502":{"start":{"line":1133,"column":6},"end":{"line":1136,"column":7}},"503":{"start":{"line":1134,"column":8},"end":{"line":1134,"column":80}},"504":{"start":{"line":1135,"column":8},"end":{"line":1135,"column":15}},"505":{"start":{"line":1138,"column":6},"end":{"line":1138,"column":81}},"506":{"start":{"line":1140,"column":25},"end":{"line":1143,"column":8}},"507":{"start":{"line":1145,"column":6},"end":{"line":1145,"column":71}},"508":{"start":{"line":1146,"column":6},"end":{"line":1146,"column":103}},"509":{"start":{"line":1148,"column":6},"end":{"line":1174,"column":7}},"510":{"start":{"line":1149,"column":8},"end":{"line":1149,"column":66}},"511":{"start":{"line":1150,"column":8},"end":{"line":1152,"column":11}},"512":{"start":{"line":1151,"column":10},"end":{"line":1151,"column":42}},"513":{"start":{"line":1154,"column":8},"end":{"line":1154,"column":64}},"514":{"start":{"line":1155,"column":8},"end":{"line":1157,"column":11}},"515":{"start":{"line":1156,"column":10},"end":{"line":1156,"column":100}},"516":{"start":{"line":1159,"column":8},"end":{"line":1164,"column":9}},"517":{"start":{"line":1160,"column":10},"end":{"line":1160,"column":70}},"518":{"start":{"line":1161,"column":10},"end":{"line":1163,"column":13}},"519":{"start":{"line":1162,"column":12},"end":{"line":1162,"column":93}},"520":{"start":{"line":1166,"column":8},"end":{"line":1168,"column":9}},"521":{"start":{"line":1167,"column":10},"end":{"line":1167,"column":118}},"522":{"start":{"line":1170,"column":8},"end":{"line":1170,"column":73}},"523":{"start":{"line":1171,"column":8},"end":{"line":1173,"column":11}},"524":{"start":{"line":1172,"column":10},"end":{"line":1172,"column":49}},"525":{"start":{"line":1177,"column":6},"end":{"line":1177,"column":85}},"526":{"start":{"line":1178,"column":6},"end":{"line":1178,"column":22}},"527":{"start":{"line":1183,"column":0},"end":{"line":1236,"column":5}},"528":{"start":{"line":1190,"column":4},"end":{"line":1235,"column":5}},"529":{"start":{"line":1191,"column":6},"end":{"line":1191,"column":81}},"530":{"start":{"line":1193,"column":28},"end":{"line":1198,"column":7}},"531":{"start":{"line":1200,"column":25},"end":{"line":1202,"column":8}},"532":{"start":{"line":1204,"column":28},"end":{"line":1204,"column":85}},"533":{"start":{"line":1205,"column":6},"end":{"line":1205,"column":93}},"534":{"start":{"line":1207,"column":6},"end":{"line":1209,"column":7}},"535":{"start":{"line":1208,"column":8},"end":{"line":1208,"column":79}},"536":{"start":{"line":1211,"column":6},"end":{"line":1216,"column":7}},"537":{"start":{"line":1212,"column":8},"end":{"line":1212,"column":58}},"538":{"start":{"line":1213,"column":8},"end":{"line":1215,"column":11}},"539":{"start":{"line":1214,"column":10},"end":{"line":1214,"column":76}},"540":{"start":{"line":1218,"column":6},"end":{"line":1223,"column":7}},"541":{"start":{"line":1219,"column":8},"end":{"line":1219,"column":55}},"542":{"start":{"line":1220,"column":8},"end":{"line":1222,"column":11}},"543":{"start":{"line":1221,"column":10},"end":{"line":1221,"column":68}},"544":{"start":{"line":1225,"column":6},"end":{"line":1230,"column":7}},"545":{"start":{"line":1226,"column":8},"end":{"line":1226,"column":58}},"546":{"start":{"line":1227,"column":8},"end":{"line":1229,"column":11}},"547":{"start":{"line":1228,"column":10},"end":{"line":1228,"column":67}},"548":{"start":{"line":1233,"column":6},"end":{"line":1233,"column":77}},"549":{"start":{"line":1234,"column":6},"end":{"line":1234,"column":22}},"550":{"start":{"line":1239,"column":0},"end":{"line":1292,"column":5}},"551":{"start":{"line":1247,"column":4},"end":{"line":1291,"column":5}},"552":{"start":{"line":1248,"column":6},"end":{"line":1248,"column":71}},"553":{"start":{"line":1250,"column":21},"end":{"line":1268,"column":7}},"554":{"start":{"line":1271,"column":25},"end":{"line":1271,"column":85}},"555":{"start":{"line":1272,"column":6},"end":{"line":1272,"column":68}},"556":{"start":{"line":1274,"column":6},"end":{"line":1274,"column":67}},"557":{"start":{"line":1275,"column":6},"end":{"line":1275,"column":55}},"558":{"start":{"line":1276,"column":6},"end":{"line":1278,"column":9}},"559":{"start":{"line":1277,"column":8},"end":{"line":1277,"column":55}},"560":{"start":{"line":1280,"column":6},"end":{"line":1280,"column":55}},"561":{"start":{"line":1281,"column":6},"end":{"line":1283,"column":9}},"562":{"start":{"line":1282,"column":8},"end":{"line":1282,"column":38}},"563":{"start":{"line":1286,"column":6},"end":{"line":1286,"column":45}},"564":{"start":{"line":1289,"column":6},"end":{"line":1289,"column":84}},"565":{"start":{"line":1290,"column":6},"end":{"line":1290,"column":22}},"566":{"start":{"line":1295,"column":0},"end":{"line":1332,"column":5}},"567":{"start":{"line":1303,"column":4},"end":{"line":1331,"column":5}},"568":{"start":{"line":1304,"column":6},"end":{"line":1304,"column":103}},"569":{"start":{"line":1306,"column":21},"end":{"line":1310,"column":8}},"570":{"start":{"line":1312,"column":25},"end":{"line":1312,"column":115}},"571":{"start":{"line":1314,"column":6},"end":{"line":1320,"column":7}},"572":{"start":{"line":1315,"column":8},"end":{"line":1315,"column":70}},"573":{"start":{"line":1318,"column":27},"end":{"line":1318,"column":63}},"574":{"start":{"line":1319,"column":8},"end":{"line":1319,"column":49}},"575":{"start":{"line":1322,"column":6},"end":{"line":1322,"column":79}},"576":{"start":{"line":1323,"column":6},"end":{"line":1323,"column":49}},"577":{"start":{"line":1324,"column":6},"end":{"line":1326,"column":9}},"578":{"start":{"line":1325,"column":8},"end":{"line":1325,"column":43}},"579":{"start":{"line":1329,"column":6},"end":{"line":1329,"column":77}},"580":{"start":{"line":1330,"column":6},"end":{"line":1330,"column":22}},"581":{"start":{"line":1335,"column":0},"end":{"line":1426,"column":5}},"582":{"start":{"line":1342,"column":20},"end":{"line":1342,"column":69}},"583":{"start":{"line":1343,"column":4},"end":{"line":1425,"column":5}},"584":{"start":{"line":1344,"column":23},"end":{"line":1344,"column":53}},"585":{"start":{"line":1345,"column":6},"end":{"line":1347,"column":7}},"586":{"start":{"line":1346,"column":8},"end":{"line":1346,"column":52}},"587":{"start":{"line":1349,"column":31},"end":{"line":1349,"column":60}},"588":{"start":{"line":1352,"column":28},"end":{"line":1376,"column":1}},"589":{"start":{"line":1378,"column":26},"end":{"line":1404,"column":1}},"590":{"start":{"line":1406,"column":6},"end":{"line":1406,"column":90}},"591":{"start":{"line":1407,"column":6},"end":{"line":1407,"column":86}},"592":{"start":{"line":1409,"column":6},"end":{"line":1409,"column":69}},"593":{"start":{"line":1410,"column":6},"end":{"line":1410,"column":65}},"594":{"start":{"line":1411,"column":6},"end":{"line":1411,"column":69}},"595":{"start":{"line":1412,"column":6},"end":{"line":1412,"column":65}},"596":{"start":{"line":1413,"column":6},"end":{"line":1413,"column":59}},"597":{"start":{"line":1414,"column":6},"end":{"line":1414,"column":62}},"598":{"start":{"line":1415,"column":6},"end":{"line":1415,"column":62}},"599":{"start":{"line":1417,"column":6},"end":{"line":1419,"column":7}},"600":{"start":{"line":1418,"column":8},"end":{"line":1418,"column":73}},"601":{"start":{"line":1422,"column":6},"end":{"line":1422,"column":57}},"602":{"start":{"line":1423,"column":6},"end":{"line":1423,"column":46}},"603":{"start":{"line":1424,"column":6},"end":{"line":1424,"column":22}},"604":{"start":{"line":1429,"column":0},"end":{"line":1429,"column":33}},"605":{"start":{"line":1433,"column":17},"end":{"line":1433,"column":19}},"606":{"start":{"line":1436,"column":26},"end":{"line":1436,"column":88}},"607":{"start":{"line":1437,"column":28},"end":{"line":1437,"column":99}},"608":{"start":{"line":1438,"column":26},"end":{"line":1438,"column":82}},"609":{"start":{"line":1439,"column":29},"end":{"line":1439,"column":84}},"610":{"start":{"line":1440,"column":28},"end":{"line":1440,"column":94}},"611":{"start":{"line":1442,"column":2},"end":{"line":1448,"column":3}},"612":{"start":{"line":1443,"column":4},"end":{"line":1447,"column":7}},"613":{"start":{"line":1450,"column":2},"end":{"line":1456,"column":3}},"614":{"start":{"line":1451,"column":4},"end":{"line":1455,"column":7}},"615":{"start":{"line":1459,"column":2},"end":{"line":1465,"column":3}},"616":{"start":{"line":1460,"column":4},"end":{"line":1464,"column":7}},"617":{"start":{"line":1467,"column":2},"end":{"line":1467,"column":16}},"618":{"start":{"line":1471,"column":17},"end":{"line":1471,"column":19}},"619":{"start":{"line":1474,"column":28},"end":{"line":1474,"column":91}},"620":{"start":{"line":1475,"column":30},"end":{"line":1475,"column":85}},"621":{"start":{"line":1476,"column":28},"end":{"line":1476,"column":90}},"622":{"start":{"line":1477,"column":33},"end":{"line":1477,"column":98}},"623":{"start":{"line":1479,"column":2},"end":{"line":1485,"column":3}},"624":{"start":{"line":1480,"column":4},"end":{"line":1484,"column":7}},"625":{"start":{"line":1487,"column":2},"end":{"line":1493,"column":3}},"626":{"start":{"line":1488,"column":4},"end":{"line":1492,"column":7}},"627":{"start":{"line":1495,"column":2},"end":{"line":1501,"column":3}},"628":{"start":{"line":1496,"column":4},"end":{"line":1500,"column":7}},"629":{"start":{"line":1503,"column":2},"end":{"line":1503,"column":16}},"630":{"start":{"line":1507,"column":17},"end":{"line":1507,"column":19}},"631":{"start":{"line":1510,"column":17},"end":{"line":1510,"column":102}},"632":{"start":{"line":1511,"column":24},"end":{"line":1511,"column":81}},"633":{"start":{"line":1512,"column":27},"end":{"line":1512,"column":92}},"634":{"start":{"line":1513,"column":26},"end":{"line":1513,"column":83}},"635":{"start":{"line":1514,"column":32},"end":{"line":1514,"column":88}},"636":{"start":{"line":1516,"column":2},"end":{"line":1522,"column":3}},"637":{"start":{"line":1517,"column":4},"end":{"line":1521,"column":7}},"638":{"start":{"line":1524,"column":2},"end":{"line":1530,"column":3}},"639":{"start":{"line":1525,"column":4},"end":{"line":1529,"column":7}},"640":{"start":{"line":1532,"column":2},"end":{"line":1538,"column":3}},"641":{"start":{"line":1533,"column":4},"end":{"line":1537,"column":7}},"642":{"start":{"line":1540,"column":2},"end":{"line":1546,"column":3}},"643":{"start":{"line":1541,"column":4},"end":{"line":1545,"column":7}},"644":{"start":{"line":1548,"column":2},"end":{"line":1548,"column":16}},"645":{"start":{"line":1552,"column":26},"end":{"line":1552,"column":28}},"646":{"start":{"line":1554,"column":2},"end":{"line":1576,"column":3}},"647":{"start":{"line":1556,"column":27},"end":{"line":1561,"column":5}},"648":{"start":{"line":1563,"column":4},"end":{"line":1575,"column":7}},"649":{"start":{"line":1565,"column":6},"end":{"line":1574,"column":7}},"650":{"start":{"line":1566,"column":8},"end":{"line":1573,"column":11}},"651":{"start":{"line":1578,"column":2},"end":{"line":1589,"column":3}},"652":{"start":{"line":1580,"column":4},"end":{"line":1588,"column":5}},"653":{"start":{"line":1581,"column":6},"end":{"line":1587,"column":9}},"654":{"start":{"line":1591,"column":2},"end":{"line":1602,"column":3}},"655":{"start":{"line":1593,"column":4},"end":{"line":1601,"column":5}},"656":{"start":{"line":1594,"column":6},"end":{"line":1600,"column":9}},"657":{"start":{"line":1604,"column":2},"end":{"line":1604,"column":25}},"658":{"start":{"line":1609,"column":22},"end":{"line":1609,"column":24}},"659":{"start":{"line":1612,"column":2},"end":{"line":1614,"column":3}},"660":{"start":{"line":1613,"column":4},"end":{"line":1613,"column":107}},"661":{"start":{"line":1617,"column":2},"end":{"line":1619,"column":3}},"662":{"start":{"line":1618,"column":4},"end":{"line":1618,"column":118}},"663":{"start":{"line":1622,"column":2},"end":{"line":1624,"column":3}},"664":{"start":{"line":1623,"column":4},"end":{"line":1623,"column":108}},"665":{"start":{"line":1627,"column":22},"end":{"line":1627,"column":114}},"666":{"start":{"line":1627,"column":58},"end":{"line":1627,"column":76}},"667":{"start":{"line":1629,"column":2},"end":{"line":1638,"column":4}},"668":{"start":{"line":1642,"column":21},"end":{"line":1649,"column":3}},"669":{"start":{"line":1652,"column":33},"end":{"line":1658,"column":3}},"670":{"start":{"line":1660,"column":2},"end":{"line":1665,"column":5}},"671":{"start":{"line":1661,"column":4},"end":{"line":1664,"column":5}},"672":{"start":{"line":1662,"column":6},"end":{"line":1662,"column":45}},"673":{"start":{"line":1663,"column":6},"end":{"line":1663,"column":57}},"674":{"start":{"line":1667,"column":2},"end":{"line":1700,"column":3}},"675":{"start":{"line":1669,"column":4},"end":{"line":1674,"column":6}},"676":{"start":{"line":1677,"column":4},"end":{"line":1683,"column":5}},"677":{"start":{"line":1678,"column":6},"end":{"line":1681,"column":9}},"678":{"start":{"line":1682,"column":6},"end":{"line":1682,"column":36}},"679":{"start":{"line":1685,"column":4},"end":{"line":1690,"column":5}},"680":{"start":{"line":1685,"column":41},"end":{"line":1685,"column":53}},"681":{"start":{"line":1686,"column":6},"end":{"line":1689,"column":9}},"682":{"start":{"line":1693,"column":4},"end":{"line":1699,"column":6}},"683":{"start":{"line":1702,"column":2},"end":{"line":1702,"column":20}},"684":{"start":{"line":1707,"column":21},"end":{"line":1716,"column":3}},"685":{"start":{"line":1719,"column":2},"end":{"line":1724,"column":3}},"686":{"start":{"line":1720,"column":4},"end":{"line":1720,"column":33}},"687":{"start":{"line":1721,"column":4},"end":{"line":1723,"column":7}},"688":{"start":{"line":1726,"column":2},"end":{"line":1731,"column":3}},"689":{"start":{"line":1727,"column":4},"end":{"line":1729,"column":7}},"690":{"start":{"line":1730,"column":4},"end":{"line":1730,"column":31}},"691":{"start":{"line":1733,"column":2},"end":{"line":1733,"column":20}},"692":{"start":{"line":1737,"column":27},"end":{"line":1737,"column":95}},"693":{"start":{"line":1738,"column":16},"end":{"line":1738,"column":18}},"694":{"start":{"line":1741,"column":4},"end":{"line":1741,"column":36}},"695":{"start":{"line":1741,"column":29},"end":{"line":1741,"column":36}},"696":{"start":{"line":1743,"column":18},"end":{"line":1743,"column":37}},"697":{"start":{"line":1744,"column":4},"end":{"line":1753,"column":5}},"698":{"start":{"line":1745,"column":23},"end":{"line":1745,"column":43}},"699":{"start":{"line":1746,"column":19},"end":{"line":1746,"column":40}},"700":{"start":{"line":1748,"column":6},"end":{"line":1752,"column":7}},"701":{"start":{"line":1749,"column":8},"end":{"line":1749,"column":32}},"702":{"start":{"line":1750,"column":13},"end":{"line":1752,"column":7}},"703":{"start":{"line":1750,"column":63},"end":{"line":1750,"column":81}},"704":{"start":{"line":1751,"column":8},"end":{"line":1751,"column":29}},"705":{"start":{"line":1756,"column":2},"end":{"line":1756,"column":37}},"706":{"start":{"line":1757,"column":2},"end":{"line":1757,"column":15}},"707":{"start":{"line":1761,"column":20},"end":{"line":1761,"column":72}},"708":{"start":{"line":1763,"column":2},"end":{"line":1768,"column":5}},"709":{"start":{"line":1764,"column":21},"end":{"line":1764,"column":49}},"710":{"start":{"line":1765,"column":4},"end":{"line":1767,"column":5}},"711":{"start":{"line":1766,"column":6},"end":{"line":1766,"column":28}},"712":{"start":{"line":1770,"column":2},"end":{"line":1770,"column":19}},"713":{"start":{"line":1774,"column":2},"end":{"line":1794,"column":4}},"714":{"start":{"line":1798,"column":13},"end":{"line":1798,"column":70}},"715":{"start":{"line":1799,"column":2},"end":{"line":1799,"column":45}},"716":{"start":{"line":1800,"column":2},"end":{"line":1800,"column":41}},"717":{"start":{"line":1802,"column":2},"end":{"line":1802,"column":61}},"718":{"start":{"line":1803,"column":2},"end":{"line":1803,"column":69}},"719":{"start":{"line":1805,"column":2},"end":{"line":1805,"column":23}},"720":{"start":{"line":1806,"column":2},"end":{"line":1808,"column":5}},"721":{"start":{"line":1807,"column":4},"end":{"line":1807,"column":35}},"722":{"start":{"line":1810,"column":2},"end":{"line":1816,"column":3}},"723":{"start":{"line":1811,"column":4},"end":{"line":1811,"column":28}},"724":{"start":{"line":1812,"column":4},"end":{"line":1815,"column":7}},"725":{"start":{"line":1813,"column":6},"end":{"line":1813,"column":77}},"726":{"start":{"line":1814,"column":6},"end":{"line":1814,"column":65}},"727":{"start":{"line":1818,"column":2},"end":{"line":1818,"column":14}},"728":{"start":{"line":1822,"column":19},"end":{"line":1822,"column":31}},"729":{"start":{"line":1824,"column":2},"end":{"line":1826,"column":3}},"730":{"start":{"line":1825,"column":4},"end":{"line":1825,"column":11}},"731":{"start":{"line":1829,"column":27},"end":{"line":1833,"column":1}},"732":{"start":{"line":1835,"column":2},"end":{"line":1861,"column":3}},"733":{"start":{"line":1837,"column":26},"end":{"line":1837,"column":59}},"734":{"start":{"line":1838,"column":4},"end":{"line":1846,"column":5}},"735":{"start":{"line":1839,"column":29},"end":{"line":1839,"column":67}},"736":{"start":{"line":1841,"column":6},"end":{"line":1845,"column":7}},"737":{"start":{"line":1842,"column":8},"end":{"line":1842,"column":70}},"738":{"start":{"line":1843,"column":8},"end":{"line":1843,"column":58}},"739":{"start":{"line":1844,"column":8},"end":{"line":1844,"column":89}},"740":{"start":{"line":1849,"column":24},"end":{"line":1849,"column":55}},"741":{"start":{"line":1850,"column":4},"end":{"line":1858,"column":5}},"742":{"start":{"line":1851,"column":27},"end":{"line":1851,"column":63}},"743":{"start":{"line":1853,"column":6},"end":{"line":1857,"column":7}},"744":{"start":{"line":1854,"column":8},"end":{"line":1854,"column":66}},"745":{"start":{"line":1855,"column":8},"end":{"line":1855,"column":54}},"746":{"start":{"line":1856,"column":8},"end":{"line":1856,"column":87}},"747":{"start":{"line":1860,"column":4},"end":{"line":1860,"column":89}},"748":{"start":{"line":1865,"column":0},"end":{"line":1865,"column":33}},"749":{"start":{"line":1869,"column":4},"end":{"line":1891,"column":5}},"750":{"start":{"line":1871,"column":35},"end":{"line":1871,"column":79}},"751":{"start":{"line":1872,"column":20},"end":{"line":1872,"column":40}},"752":{"start":{"line":1874,"column":8},"end":{"line":1874,"column":89}},"753":{"start":{"line":1875,"column":24},"end":{"line":1875,"column":65}},"754":{"start":{"line":1877,"column":8},"end":{"line":1883,"column":9}},"755":{"start":{"line":1878,"column":12},"end":{"line":1878,"column":81}},"756":{"start":{"line":1879,"column":12},"end":{"line":1879,"column":27}},"757":{"start":{"line":1881,"column":12},"end":{"line":1881,"column":67}},"758":{"start":{"line":1882,"column":12},"end":{"line":1882,"column":22}},"759":{"start":{"line":1886,"column":8},"end":{"line":1886,"column":84}},"760":{"start":{"line":1887,"column":8},"end":{"line":1887,"column":67}},"761":{"start":{"line":1890,"column":8},"end":{"line":1890,"column":90}},"762":{"start":{"line":1894,"column":0},"end":{"line":1894,"column":33}}},"fnMap":{"0":{"name":"(anonymous_0)","decl":{"start":{"line":48,"column":10},"end":{"line":48,"column":11}},"loc":{"start":{"line":48,"column":29},"end":{"line":187,"column":3}},"line":48},"1":{"name":"(anonymous_1)","decl":{"start":{"line":127,"column":25},"end":{"line":127,"column":26}},"loc":{"start":{"line":127,"column":43},"end":{"line":129,"column":11}},"line":127},"2":{"name":"(anonymous_2)","decl":{"start":{"line":136,"column":50},"end":{"line":136,"column":51}},"loc":{"start":{"line":136,"column":61},"end":{"line":141,"column":11}},"line":136},"3":{"name":"(anonymous_3)","decl":{"start":{"line":137,"column":74},"end":{"line":137,"column":75}},"loc":{"start":{"line":137,"column":85},"end":{"line":140,"column":13}},"line":137},"4":{"name":"(anonymous_4)","decl":{"start":{"line":194,"column":10},"end":{"line":194,"column":11}},"loc":{"start":{"line":194,"column":29},"end":{"line":219,"column":3}},"line":194},"5":{"name":"(anonymous_5)","decl":{"start":{"line":226,"column":10},"end":{"line":226,"column":11}},"loc":{"start":{"line":226,"column":29},"end":{"line":279,"column":3}},"line":226},"6":{"name":"(anonymous_6)","decl":{"start":{"line":287,"column":10},"end":{"line":287,"column":11}},"loc":{"start":{"line":287,"column":35},"end":{"line":329,"column":3}},"line":287},"7":{"name":"(anonymous_7)","decl":{"start":{"line":338,"column":10},"end":{"line":338,"column":11}},"loc":{"start":{"line":338,"column":29},"end":{"line":365,"column":3}},"line":338},"8":{"name":"(anonymous_8)","decl":{"start":{"line":373,"column":10},"end":{"line":373,"column":11}},"loc":{"start":{"line":373,"column":35},"end":{"line":415,"column":3}},"line":373},"9":{"name":"(anonymous_9)","decl":{"start":{"line":393,"column":40},"end":{"line":393,"column":41}},"loc":{"start":{"line":393,"column":52},"end":{"line":395,"column":7}},"line":393},"10":{"name":"(anonymous_10)","decl":{"start":{"line":420,"column":10},"end":{"line":420,"column":11}},"loc":{"start":{"line":420,"column":22},"end":{"line":439,"column":3}},"line":420},"11":{"name":"(anonymous_11)","decl":{"start":{"line":444,"column":10},"end":{"line":444,"column":11}},"loc":{"start":{"line":444,"column":22},"end":{"line":455,"column":3}},"line":444},"12":{"name":"(anonymous_12)","decl":{"start":{"line":466,"column":10},"end":{"line":466,"column":11}},"loc":{"start":{"line":466,"column":42},"end":{"line":510,"column":3}},"line":466},"13":{"name":"(anonymous_13)","decl":{"start":{"line":516,"column":10},"end":{"line":516,"column":11}},"loc":{"start":{"line":516,"column":16},"end":{"line":565,"column":3}},"line":516},"14":{"name":"fetchModels","decl":{"start":{"line":567,"column":15},"end":{"line":567,"column":26}},"loc":{"start":{"line":567,"column":45},"end":{"line":583,"column":1}},"line":567},"15":{"name":"(anonymous_15)","decl":{"start":{"line":571,"column":44},"end":{"line":571,"column":45}},"loc":{"start":{"line":571,"column":49},"end":{"line":571,"column":78}},"line":571},"16":{"name":"(anonymous_16)","decl":{"start":{"line":576,"column":42},"end":{"line":576,"column":43}},"loc":{"start":{"line":576,"column":47},"end":{"line":576,"column":51}},"line":576},"17":{"name":"getFallbackModels","decl":{"start":{"line":585,"column":9},"end":{"line":585,"column":26}},"loc":{"start":{"line":585,"column":37},"end":{"line":596,"column":1}},"line":585},"18":{"name":"generateCodeReviewPrompt","decl":{"start":{"line":598,"column":9},"end":{"line":598,"column":33}},"loc":{"start":{"line":598,"column":40},"end":{"line":623,"column":1}},"line":598},"19":{"name":"callAIProvider","decl":{"start":{"line":625,"column":9},"end":{"line":625,"column":23}},"loc":{"start":{"line":625,"column":40},"end":{"line":635,"column":1}},"line":625},"20":{"name":"callGemini","decl":{"start":{"line":637,"column":15},"end":{"line":637,"column":25}},"loc":{"start":{"line":637,"column":42},"end":{"line":660,"column":1}},"line":637},"21":{"name":"callOpenAI","decl":{"start":{"line":662,"column":15},"end":{"line":662,"column":25}},"loc":{"start":{"line":662,"column":42},"end":{"line":678,"column":1}},"line":662},"22":{"name":"callClaude","decl":{"start":{"line":680,"column":15},"end":{"line":680,"column":25}},"loc":{"start":{"line":680,"column":42},"end":{"line":696,"column":1}},"line":680},"23":{"name":"displayAnalysisResults","decl":{"start":{"line":698,"column":9},"end":{"line":698,"column":31}},"loc":{"start":{"line":698,"column":40},"end":{"line":727,"column":1}},"line":698},"24":{"name":"displayAgenticResults","decl":{"start":{"line":729,"column":9},"end":{"line":729,"column":30}},"loc":{"start":{"line":729,"column":40},"end":{"line":772,"column":1}},"line":729},"25":{"name":"getSeverityColor","decl":{"start":{"line":774,"column":9},"end":{"line":774,"column":25}},"loc":{"start":{"line":774,"column":36},"end":{"line":787,"column":1}},"line":774},"26":{"name":"getTypeIcon","decl":{"start":{"line":789,"column":9},"end":{"line":789,"column":20}},"loc":{"start":{"line":789,"column":27},"end":{"line":800,"column":1}},"line":789},"27":{"name":"displayEKGAnalysisResults","decl":{"start":{"line":803,"column":9},"end":{"line":803,"column":34}},"loc":{"start":{"line":803,"column":45},"end":{"line":863,"column":1}},"line":803},"28":{"name":"(anonymous_28)","decl":{"start":{"line":831,"column":28},"end":{"line":831,"column":29}},"loc":{"start":{"line":831,"column":37},"end":{"line":835,"column":5}},"line":831},"29":{"name":"(anonymous_29)","decl":{"start":{"line":842,"column":37},"end":{"line":842,"column":38}},"loc":{"start":{"line":842,"column":44},"end":{"line":848,"column":5}},"line":842},"30":{"name":"(anonymous_30)","decl":{"start":{"line":855,"column":27},"end":{"line":855,"column":28}},"loc":{"start":{"line":855,"column":35},"end":{"line":860,"column":5}},"line":855},"31":{"name":"(anonymous_31)","decl":{"start":{"line":875,"column":10},"end":{"line":875,"column":11}},"loc":{"start":{"line":875,"column":35},"end":{"line":967,"column":3}},"line":875},"32":{"name":"(anonymous_32)","decl":{"start":{"line":908,"column":46},"end":{"line":908,"column":47}},"loc":{"start":{"line":908,"column":56},"end":{"line":908,"column":87}},"line":908},"33":{"name":"(anonymous_33)","decl":{"start":{"line":916,"column":45},"end":{"line":916,"column":46}},"loc":{"start":{"line":916,"column":55},"end":{"line":916,"column":85}},"line":916},"34":{"name":"(anonymous_34)","decl":{"start":{"line":924,"column":47},"end":{"line":924,"column":48}},"loc":{"start":{"line":924,"column":57},"end":{"line":924,"column":89}},"line":924},"35":{"name":"(anonymous_35)","decl":{"start":{"line":928,"column":50},"end":{"line":928,"column":51}},"loc":{"start":{"line":928,"column":60},"end":{"line":928,"column":111}},"line":928},"36":{"name":"(anonymous_36)","decl":{"start":{"line":933,"column":27},"end":{"line":933,"column":28}},"loc":{"start":{"line":933,"column":40},"end":{"line":935,"column":9}},"line":933},"37":{"name":"(anonymous_37)","decl":{"start":{"line":938,"column":31},"end":{"line":938,"column":32}},"loc":{"start":{"line":938,"column":49},"end":{"line":944,"column":9}},"line":938},"38":{"name":"(anonymous_38)","decl":{"start":{"line":977,"column":10},"end":{"line":977,"column":11}},"loc":{"start":{"line":977,"column":36},"end":{"line":1042,"column":3}},"line":977},"39":{"name":"(anonymous_39)","decl":{"start":{"line":1002,"column":16},"end":{"line":1002,"column":17}},"loc":{"start":{"line":1002,"column":24},"end":{"line":1002,"column":82}},"line":1002},"40":{"name":"(anonymous_40)","decl":{"start":{"line":1003,"column":14},"end":{"line":1003,"column":15}},"loc":{"start":{"line":1003,"column":24},"end":{"line":1003,"column":79}},"line":1003},"41":{"name":"(anonymous_41)","decl":{"start":{"line":1009,"column":30},"end":{"line":1009,"column":31}},"loc":{"start":{"line":1009,"column":47},"end":{"line":1019,"column":9}},"line":1009},"42":{"name":"(anonymous_42)","decl":{"start":{"line":1052,"column":10},"end":{"line":1052,"column":11}},"loc":{"start":{"line":1052,"column":35},"end":{"line":1112,"column":3}},"line":1052},"43":{"name":"(anonymous_43)","decl":{"start":{"line":1085,"column":35},"end":{"line":1085,"column":36}},"loc":{"start":{"line":1085,"column":45},"end":{"line":1089,"column":9}},"line":1085},"44":{"name":"(anonymous_44)","decl":{"start":{"line":1094,"column":43},"end":{"line":1094,"column":44}},"loc":{"start":{"line":1094,"column":59},"end":{"line":1096,"column":9}},"line":1094},"45":{"name":"(anonymous_45)","decl":{"start":{"line":1121,"column":10},"end":{"line":1121,"column":11}},"loc":{"start":{"line":1121,"column":35},"end":{"line":1180,"column":3}},"line":1121},"46":{"name":"(anonymous_46)","decl":{"start":{"line":1150,"column":42},"end":{"line":1150,"column":43}},"loc":{"start":{"line":1150,"column":54},"end":{"line":1152,"column":9}},"line":1150},"47":{"name":"(anonymous_47)","decl":{"start":{"line":1155,"column":38},"end":{"line":1155,"column":39}},"loc":{"start":{"line":1155,"column":47},"e
[...]
umn":92}},"type":"binary-expr","locations":[{"start":{"line":167,"column":14},"end":{"line":167,"column":21}},{"start":{"line":167,"column":25},"end":{"line":167,"column":92}}],"line":167},"82":{"loc":{"start":{"line":168,"column":24},"end":{"line":168,"column":47}},"type":"binary-expr","locations":[{"start":{"line":168,"column":24},"end":{"line":168,"column":41}},{"start":{"line":168,"column":45},"end":{"line":168,"column":47}}],"line":168},"83":{"loc":{"start":{"line":169,"column":24},"end":{"line":169,"column":54}},"type":"binary-expr","locations":[{"start":{"line":169,"column":24},"end":{"line":169,"column":41}},{"start":{"line":169,"column":45},"end":{"line":169,"column":54}}],"line":169},"84":{"loc":{"start":{"line":170,"column":20},"end":{"line":170,"column":39}},"type":"binary-expr","locations":[{"start":{"line":170,"column":20},"end":{"line":170,"column":33}},{"start":{"line":170,"column":37},"end":{"line":170,"column":39}}],"line":170},"85":{"loc":{"start":{"line":171,"column":24},"end":{"line":171,"column":47}},"type":"binary-expr","locations":[{"start":{"line":171,"column":24},"end":{"line":171,"column":41}},{"start":{"line":171,"column":45},"end":{"line":171,"column":47}}],"line":171},"86":{"loc":{"start":{"line":172,"column":23},"end":{"line":172,"column":45}},"type":"binary-expr","locations":[{"start":{"line":172,"column":23},"end":{"line":172,"column":39}},{"start":{"line":172,"column":43},"end":{"line":172,"column":45}}],"line":172},"87":{"loc":{"start":{"line":173,"column":27},"end":{"line":173,"column":53}},"type":"binary-expr","locations":[{"start":{"line":173,"column":27},"end":{"line":173,"column":47}},{"start":{"line":173,"column":51},"end":{"line":173,"column":53}}],"line":173},"88":{"loc":{"start":{"line":182,"column":14},"end":{"line":182,"column":23}},"type":"default-arg","locations":[{"start":{"line":182,"column":21},"end":{"line":182,"column":23}}],"line":182},"89":{"loc":{"start":{"line":183,"column":14},"end":{"line":183,"column":91}},"type":"binary-expr","locations":[{"start":{"line":183,"column":14},"end":{"line":183,"column":21}},{"start":{"line":183,"column":25},"end":{"line":183,"column":91}}],"line":183},"90":{"loc":{"start":{"line":184,"column":24},"end":{"line":184,"column":47}},"type":"binary-expr","locations":[{"start":{"line":184,"column":24},"end":{"line":184,"column":41}},{"start":{"line":184,"column":45},"end":{"line":184,"column":47}}],"line":184},"91":{"loc":{"start":{"line":185,"column":20},"end":{"line":185,"column":39}},"type":"binary-expr","locations":[{"start":{"line":185,"column":20},"end":{"line":185,"column":33}},{"start":{"line":185,"column":37},"end":{"line":185,"column":39}}],"line":185},"92":{"loc":{"start":{"line":186,"column":27},"end":{"line":186,"column":53}},"type":"binary-expr","locations":[{"start":{"line":186,"column":27},"end":{"line":186,"column":47}},{"start":{"line":186,"column":51},"end":{"line":186,"column":53}}],"line":186},"93":{"loc":{"start":{"line":187,"column":18},"end":{"line":187,"column":35}},"type":"binary-expr","locations":[{"start":{"line":187,"column":18},"end":{"line":187,"column":29}},{"start":{"line":187,"column":33},"end":{"line":187,"column":35}}],"line":187},"94":{"loc":{"start":{"line":188,"column":21},"end":{"line":188,"column":41}},"type":"binary-expr","locations":[{"start":{"line":188,"column":21},"end":{"line":188,"column":35}},{"start":{"line":188,"column":39},"end":{"line":188,"column":41}}],"line":188},"95":{"loc":{"start":{"line":189,"column":23},"end":{"line":189,"column":45}},"type":"binary-expr","locations":[{"start":{"line":189,"column":23},"end":{"line":189,"column":39}},{"start":{"line":189,"column":43},"end":{"line":189,"column":45}}],"line":189}},"s":{"0":0,"1":0,"2":0,"3":0,"4":0,"5":0,"6":0,"7":0,"8":0,"9":0,"10":0,"11":0,"12":0,"13":0,"14":0,"15":0,"16":0,"17":0,"18":0,"19":0,"20":0,"21":0,"22":0,"23":0,"24":0,"25":0,"26":0,"27":0,"28":0,"29":0,"30":0,"31":0,"32":0,"33":0,"34":0,"35":0,"36":0,"37":0,"38":0,"39":0,"40":0,"41":0,"42":0,"43":0,"44":0,"45":0,"46":0,"47":0,"48":0,"49":0,"50":0,"51":0,"52":0,"53":0,"54":0,"55":0,"56":0,"57":0,"58":0,"59":0,"60":0,"61":0,"62":0,"63":0,"64":0,"65":0,"66":0,"67":0,"68":0,"69":0,"70":0,"71":0,"72":0,"73":0,"74":0,"75":0,"76":0,"77":0,"78":0,"79":0,"80":0,"81":0,"82":0,"83":0,"84":0,"85":0,"86":0,"87":0,"88":0,"89":0,"90":0,"91":0,"92":0,"93":0,"94":0,"95":0,"96":0,"97":0,"98":0,"99":0,"100":0,"101":0,"102":0,"103":0},"f":{"0":0,"1":0,"2":0,"3":0,"4":0,"5":0,"6":0,"7":0,"8":0},"b":{"0":[0],"1":[0,0],"2":[0,0],"3":[0,0],"4":[0,0],"5":[0,0],"6":[0,0],"7":[0,0],"8":[0,0],"9":[0,0],"10":[0,0],"11":[0,0],"12":[0,0],"13":[0,0],"14":[0,0],"15":[0,0],"16":[0,0],"17":[0],"18":[0,0],"19":[0,0],"20":[0,0],"21":[0,0],"22":[0,0],"23":[0,0],"24":[0,0],"25":[0,0],"26":[0,0],"27":[0,0],"28":[0,0],"29":[0,0],"30":[0,0],"31":[0,0],"32":[0],"33":[0,0],"34":[0,0],"35":[0,0],"36":[0,0],"37":[0,0],"38":[0,0],"39":[0,0],"40":[0,0],"41":[0,0],"42":[0,0],"43":[0],"44":[0,0],"45":[0,0],"46":[0,0],"47":[0,0],"48":[0,0],"49":[0,0],"50":[0,0],"51":[0,0],"52":[0,0],"53":[0,0],"54":[0,0],"55":[0,0],"56":[0],"57":[0,0],"58":[0,0],"59":[0,0],"60":[0,0],"61":[0,0],"62":[0,0],"63":[0,0],"64":[0,0],"65":[0,0],"66":[0,0],"67":[0],"68":[0,0],"69":[0,0],"70":[0,0],"71":[0,0],"72":[0,0],"73":[0,0],"74":[0],"75":[0,0],"76":[0,0],"77":[0,0],"78":[0,0],"79":[0,0],"80":[0],"81":[0,0],"82":[0,0],"83":[0,0],"84":[0,0],"85":[0,0],"86":[0,0],"87":[0,0],"88":[0],"89":[0,0],"90":[0,0],"91":[0,0],"92":[0,0],"93":[0,0],"94":[0,0],"95":[0,0]}}
,"/home/lade/GitHub/codeflow-commander---nexus-gateway/cli-tool/src/utils/config.js": {"path":"/home/lade/GitHub/codeflow-commander---nexus-gateway/cli-tool/src/utils/config.js","statementMap":{"0":{"start":{"line":11,"column":19},"end":{"line":11,"column":60}},"1":{"start":{"line":12,"column":20},"end":{"line":12,"column":56}},"2":{"start":{"line":15,"column":23},"end":{"line":43,"column":1}},"3":{"start":{"line":49,"column":2},"end":{"line":51,"column":3}},"4":{"start":{"line":50,"column":4},"end":{"line":50,"column":50}},"5":{"start":{"line":58,"column":2},"end":{"line":90,"column":3}},"6":{"start":{"line":59,"column":4},"end":{"line":59,"column":22}},"7":{"start":{"line":62,"column":23},"end":{"line":62,"column":25}},"8":{"start":{"line":63,"column":4},"end":{"line":66,"column":5}},"9":{"start":{"line":64,"column":31},"end":{"line":64,"column":67}},"10":{"start":{"line":65,"column":6},"end":{"line":65,"column":50}},"11":{"start":{"line":69,"column":30},"end":{"line":69,"column":74}},"12":{"start":{"line":70,"column":24},"end":{"line":70,"column":26}},"13":{"start":{"line":71,"column":4},"end":{"line":74,"column":5}},"14":{"start":{"line":72,"column":32},"end":{"line":72,"column":74}},"15":{"start":{"line":73,"column":6},"end":{"line":73,"column":52}},"16":{"start":{"line":78,"column":25},"end":{"line":78,"column":81}},"17":{"start":{"line":81,"column":4},"end":{"line":83,"column":5}},"18":{"start":{"line":82,"column":6},"end":{"line":82,"column":75}},"19":{"start":{"line":85,"column":4},"end":{"line":85,"column":24}},"20":{"start":{"line":87,"column":4},"end":{"line":87,"column":71}},"21":{"start":{"line":88,"column":4},"end":{"line":88,"column":50}},"22":{"start":{"line":89,"column":4},"end":{"line":89,"column":33}},"23":{"start":{"line":97,"column":2},"end":{"line":104,"column":3}},"24":{"start":{"line":98,"column":4},"end":{"line":98,"column":22}},"25":{"start":{"line":99,"column":4},"end":{"line":99,"column":67}},"26":{"start":{"line":100,"column":4},"end":{"line":100,"column":59}},"27":{"start":{"line":102,"column":4},"end":{"line":102,"column":70}},"28":{"start":{"line":103,"column":4},"end":{"line":103,"column":16}},"29":{"start":{"line":111,"column":17},"end":{"line":111,"column":29}},"30":{"start":{"line":112,"column":2},"end":{"line":112,"column":22}},"31":{"start":{"line":113,"column":2},"end":{"line":113,"column":21}},"32":{"start":{"line":114,"column":2},"end":{"line":114,"column":16}},"33":{"start":{"line":121,"column":17},"end":{"line":121,"column":29}},"34":{"start":{"line":122,"column":2},"end":{"line":122,"column":64}},"35":{"start":{"line":129,"column":2},"end":{"line":137,"column":3}},"36":{"start":{"line":130,"column":4},"end":{"line":130,"column":22}},"37":{"start":{"line":131,"column":4},"end":{"line":131,"column":75}},"38":{"start":{"line":132,"column":4},"end":{"line":132,"column":54}},"39":{"start":{"line":133,"column":4},"end":{"line":133,"column":33}},"40":{"start":{"line":135,"column":4},"end":{"line":135,"column":71}},"41":{"start":{"line":136,"column":4},"end":{"line":136,"column":16}},"42":{"start":{"line":144,"column":17},"end":{"line":144,"column":29}},"43":{"start":{"line":146,"column":2},"end":{"line":148,"column":3}},"44":{"start":{"line":147,"column":4},"end":{"line":147,"column":67}},"45":{"start":{"line":151,"column":28},"end":{"line":151,"column":72}},"46":{"start":{"line":152,"column":2},"end":{"line":157,"column":3}},"47":{"start":{"line":153,"column":4},"end":{"line":156,"column":6}},"48":{"start":{"line":159,"column":2},"end":{"line":159,"column":73}},"49":{"start":{"line":166,"column":17},"end":{"line":166,"column":29}},"50":{"start":{"line":168,"column":2},"end":{"line":170,"column":3}},"51":{"start":{"line":169,"column":4},"end":{"line":169,"column":68}},"52":{"start":{"line":173,"column":19},"end":{"line":173,"column":57}},"53":{"start":{"line":175,"column":2},"end":{"line":182,"column":3}},"54":{"start":{"line":176,"column":4},"end":{"line":181,"column":5}},"55":{"start":{"line":177,"column":6},"end":{"line":180,"column":8}},"56":{"start":{"line":185,"column":2},"end":{"line":192,"column":3}},"57":{"start":{"line":186,"column":4},"end":{"line":186,"column":29}},"58":{"start":{"line":188,"column":4},"end":{"line":191,"column":6}},"59":{"start":{"line":194,"column":2},"end":{"line":194,"column":74}},"60":{"start":{"line":201,"column":17},"end":{"line":201,"column":29}},"61":{"start":{"line":203,"column":35},"end":{"line":203,"column":65}},"62":{"start":{"line":204,"column":36},"end":{"line":204,"column":67}},"63":{"start":{"line":206,"column":2},"end":{"line":223,"column":4}},"64":{"start":{"line":230,"column":17},"end":{"line":230,"column":34}},"65":{"start":{"line":232,"column":2},"end":{"line":232,"column":57}},"66":{"start":{"line":234,"column":2},"end":{"line":234,"column":124}},"67":{"start":{"line":235,"column":2},"end":{"line":235,"column":123}},"68":{"start":{"line":236,"column":2},"end":{"line":236,"column":18}},"69":{"start":{"line":238,"column":2},"end":{"line":238,"column":37}},"70":{"start":{"line":239,"column":2},"end":{"line":239,"column":88}},"71":{"start":{"line":240,"column":2},"end":{"line":242,"column":3}},"72":{"start":{"line":241,"column":4},"end":{"line":241,"column":107}},"73":{"start":{"line":243,"column":2},"end":{"line":243,"column":18}},"74":{"start":{"line":245,"column":2},"end":{"line":245,"column":38}},"75":{"start":{"line":246,"column":2},"end":{"line":246,"column":89}},"76":{"start":{"line":247,"column":2},"end":{"line":249,"column":3}},"77":{"start":{"line":248,"column":4},"end":{"line":248,"column":109}},"78":{"start":{"line":250,"column":2},"end":{"line":250,"column":18}},"79":{"start":{"line":252,"column":2},"end":{"line":252,"column":40}},"80":{"start":{"line":253,"column":2},"end":{"line":253,"column":77}},"81":{"start":{"line":254,"column":2},"end":{"line":254,"column":83}},"82":{"start":{"line":255,"column":2},"end":{"line":255,"column":89}}},"fnMap":{"0":{"name":"ensureConfigDir","decl":{"start":{"line":48,"column":9},"end":{"line":48,"column":24}},"loc":{"start":{"line":48,"column":27},"end":{"line":52,"column":1}},"line":48},"1":{"name":"loadConfig","decl":{"start":{"line":57,"column":16},"end":{"line":57,"column":26}},"loc":{"start":{"line":57,"column":29},"end":{"line":91,"column":1}},"line":57},"2":{"name":"saveConfig","decl":{"start":{"line":96,"column":16},"end":{"line":96,"column":26}},"loc":{"start":{"line":96,"column":35},"end":{"line":105,"column":1}},"line":96},"3":{"name":"setConfig","decl":{"start":{"line":110,"column":16},"end":{"line":110,"column":25}},"loc":{"start":{"line":110,"column":38},"end":{"line":115,"column":1}},"line":110},"4":{"name":"getConfig","decl":{"start":{"line":120,"column":16},"end":{"line":120,"column":25}},"loc":{"start":{"line":120,"column":52},"end":{"line":123,"column":1}},"line":120},"5":{"name":"resetConfig","decl":{"start":{"line":128,"column":16},"end":{"line":128,"column":27}},"loc":{"start":{"line":128,"column":30},"end":{"line":138,"column":1}},"line":128},"6":{"name":"validateKnowledgeStoreConfig","decl":{"start":{"line":143,"column":16},"end":{"line":143,"column":44}},"loc":{"start":{"line":143,"column":47},"end":{"line":160,"column":1}},"line":143},"7":{"name":"validateEnterpriseGraphConfig","decl":{"start":{"line":165,"column":16},"end":{"line":165,"column":45}},"loc":{"start":{"line":165,"column":48},"end":{"line":195,"column":1}},"line":165},"8":{"name":"getConfigStatus","decl":{"start":{"line":200,"column":16},"end":{"line":200,"column":31}},"loc":{"start":{"line":200,"column":34},"end":{"line":224,"column":1}},"line":200},"9":{"name":"printConfigStatus","decl":{"start":{"line":229,"column":16},"end":{"line":229,"column":33}},"loc":{"start":{"line":229,"column":36},"end":{"line":256,"column":1}},"line":229}},"branchMap":{"0":{"loc":{"start":{"line":27,"column":12},"end":{"line":27,"column":39}},"type":"binary-expr","locations":[{"start":{"line":27,"column":12},"end":{"line":27,"column":33}},{"start":{"line":27,"column":37},"end":{"line":27,"column":39}}],"line":27},"1":{"loc":{"start":{"line":28,"column":13},"end":{"line":28,"column":41}},"type":"binary-expr","locations":[{"start":{"line":28,"column":13},"end":{"line":28,"column":35}},{"start":{"line":28,"column":39},"end":{"line":28,"column":41}}],"line":28},"2":{"loc":{"start":{"line":29,"column":13},"end":{"line":29,"column":41}},"type":"binary-expr","locations":[{"start":{"line":29,"column":13},"end":{"line":29,"column":35}},{"start":{"line":29,"column":39},"end":{"line":29,"column":41}}],"line":29},"3":{"loc":{"start":{"line":49,"column":2},"end":{"line":51,"column":3}},"type":"if","locations":[{"start":{"line":49,"column":2},"end":{"line":51,"column":3}},{"start":{},"end":{}}],"line":49},"4":{"loc":{"start":{"line":63,"column":4},"end":{"line":66,"column":5}},"type":"if","locations":[{"start":{"line":63,"column":4},"end":{"line":66,"column":5}},{"start":{},"end":{}}],"line":63},"5":{"loc":{"start":{"line":71,"column":4},"end":{"line":74,"column":5}},"type":"if","locations":[{"start":{"line":71,"column":4},"end":{"line":74,"column":5}},{"start":{},"end":{}}],"line":71},"6":{"loc":{"start":{"line":81,"column":4},"end":{"line":83,"column":5}},"type":"if","locations":[{"start":{"line":81,"column":4},"end":{"line":83,"column":5}},{"start":{},"end":{}}],"line":81},"7":{"loc":{"start":{"line":120,"column":31},"end":{"line":120,"column":50}},"type":"default-arg","locations":[{"start":{"line":120,"column":46},"end":{"line":120,"column":50}}],"line":120},"8":{"loc":{"start":{"line":122,"column":9},"end":{"line":122,"column":63}},"type":"cond-expr","locations":[{"start":{"line":122,"column":37},"end":{"line":122,"column":48}},{"start":{"line":122,"column":51},"end":{"line":122,"column":63}}],"line":122},"9":{"loc":{"start":{"line":146,"column":2},"end":{"line":148,"column":3}},"type":"if","locations":[{"start":{"line":146,"column":2},"end":{"line":148,"column":3}},{"start":{},"end":{}}],"line":146},"10":{"loc":{"start":{"line":152,"column":2},"end":{"line":157,"column":3}},"type":"if","locations":[{"start":{"line":152,"column":2},"end":{"line":157,"column":3}},{"start":{},"end":{}}],"line":152},"11":{"loc":{"start":{"line":168,"column":2},"end":{"line":170,"column":3}},"type":"if","locations":[{"start":{"line":168,"column":2},"end":{"line":170,"column":3}},{"start":{},"end":{}}],"line":168},"12":{"loc":{"start":{"line":176,"column":4},"end":{"line":181,"column":5}},"type":"if","locations":[{"start":{"line":176,"column":4},"end":{"line":181,"column":5}},{"start":{},"end":{}}],"line":176},"13":{"loc":{"start":{"line":209,"column":21},"end":{"line":209,"column":53}},"type":"binary-expr","locations":[{"start":{"line":209,"column":21},"end":{"line":209,"column":34}},{"start":{"line":209,"column":38},"end":{"line":209,"column":53}}],"line":209},"14":{"loc":{"start":{"line":234,"column":58},"end":{"line":234,"column":120}},"type":"cond-expr","locations":[{"start":{"line":234,"column":80},"end":{"line":234,"column":83}},{"start":{"line":234,"column":86},"end":{"line":234,"column":120}}],"line":234},"15":{"loc":{"start":{"line":235,"column":33},"end":{"line":235,"column":118}},"type":"cond-expr","locations":[{"start":{"line":235,"column":55},"end":{"line":235,"column":69}},{"start":{"line":235,"column":72},"end":{"line":235,"column":118}}],"line":235},"16":{"loc":{"start":{"line":239,"column":27},"end":{"line":239,"column":84}},"type":"cond-expr","locations":[{"start":{"line":239,"column":58},"end":{"line":239,"column":69}},{"start":{"line":239,"column":72},"end":{"line":239,"column":84}}],"line":239},"17":{"loc":{"start":{"line":240,"column":2},"end":{"line":242,"column":3}},"type":"if","locations":[{"start":{"line":240,"column":2},"end":{"line":242,"column":3}},{"start":{},"end":{}}],"line":240},"18":{"loc":{"start":{"line":241,"column":28},"end":{"line":241,"column":66}},"type":"cond-expr","locations":[{"start":{"line":241,"column":57},"end":{"line":241,"column":60}},{"start":{"line":241,"column":63},"end":{"line":241,"column":66}}],"line":241},"19":{"loc":{"start":{"line":246,"column":27},"end":{"line":246,"column":85}},"type":"cond-expr","locations":[{"start":{"line":246,"column":59},"end":{"line":246,"column":70}},{"start":{"line":246,"column":73},"end":{"line":246,"column":85}}],"line":246},"20":{"loc":{"start":{"line":247,"column":2},"end":{"line":249,"column":3}},"type":"if","locations":[{"start":{"line":247,"column":2},"end":{"line":249,"column":3}},{"start":{},"end":{}}],"line":247},"21":{"loc":{"start":{"line":248,"column":28},"end":{"line":248,"column":67}},"type":"cond-expr","locations":[{"start":{"line":248,"column":58},"end":{"line":248,"column":61}},{"start":{"line":248,"column":64},"end":{"line":248,"column":67}}],"line":248},"22":{"loc":{"start":{"line":253,"column":37},"end":{"line":253,"column":73}},"type":"cond-expr","locations":[{"start":{"line":253,"column":64},"end":{"line":253,"column":67}},{"start":{"line":253,"column":70},"end":{"line":253,"column":73}}],"line":253},"23":{"loc":{"start":{"line":254,"column":42},"end":{"line":254,"column":79}},"type":"cond-expr","locations":[{"start":{"line":254,"column":70},"end":{"line":254,"column":73}},{"start":{"line":254,"column":76},"end":{"line":254,"column":79}}],"line":254},"24":{"loc":{"start":{"line":255,"column":47},"end":{"line":255,"column":85}},"type":"cond-expr","locations":[{"start":{"line":255,"column":76},"end":{"line":255,"column":79}},{"start":{"line":255,"column":82},"end":{"line":255,"column":85}}],"line":255}},"s":{"0":0,"1":0,"2":0,"3":0,"4":0,"5":0,"6":0,"7":0,"8":0,"9":0,"10":0,"11":0,"12":0,"13":0,"14":0,"15":0,"16":0,"17":0,"18":0,"19":0,"20":0,"21":0,"22":0,"23":0,"24":0,"25":0,"26":0,"27":0,"28":0,"29":0,"30":0,"31":0,"32":0,"33":0,"34":0,"35":0,"36":0,"37":0,"38":0,"39":0,"40":0,"41":0,"42":0,"43":0,"44":0,"45":0,"46":0,"47":0,"48":0,"49":0,"50":0,"51":0,"52":0,"53":0,"54":0,"55":0,"56":0,"57":0,"58":0,"59":0,"60":0,"61":0,"62":0,"63":0,"64":0,"65":0,"66":0,"67":0,"68":0,"69":0,"70":0,"71":0,"72":0,"73":0,"74":0,"75":0,"76":0,"77":0,"78":0,"79":0,"80":0,"81":0,"82":0},"f":{"0":0,"1":0,"2":0,"3":0,"4":0,"5":0,"6":0,"7":0,"8":0,"9":0},"b":{"0":[0,0],"1":[0,0],"2":[0,0],"3":[0,0],"4":[0,0],"5":[0,0],"6":[0,0],"7":[0],"8":[0,0],"9":[0,0],"10":[0,0],"11":[0,0],"12":[0,0],"13":[0,0],"14":[0,0],"15":[0,0],"16":[0,0],"17":[0,0],"18":[0,0],"19":[0,0],"20":[0,0],"21":[0,0],"22":[0,0],"23":[0,0],"24":[0,0]}}
}
