TN:
SF:bin/agents.js
FN:7,securityReview
FN:52,architectureReview
FN:98,styleAndDocReview
FN:144,parseAgentResponse
FN:164,(anonymous_4)
FN:200,(anonymous_5)
FN:201,(anonymous_6)
FN:201,(anonymous_7)
FN:202,(anonymous_8)
FN:202,(anonymous_9)
FN:212,(anonymous_10)
FN:231,(anonymous_11)
FN:249,orchestrateReview
FN:286,annotateResults
FN:287,(anonymous_14)
FN:296,orchestrateReviewWithoutRAG
FNF:16
FNH:0
FNDA:0,securityReview
FNDA:0,architectureReview
FNDA:0,styleAndDocReview
FNDA:0,parseAgentResponse
FNDA:0,(anonymous_4)
FNDA:0,(anonymous_5)
FNDA:0,(anonymous_6)
FNDA:0,(anonymous_7)
FNDA:0,(anonymous_8)
FNDA:0,(anonymous_9)
FNDA:0,(anonymous_10)
FNDA:0,(anonymous_11)
FNDA:0,orchestrateReview
FNDA:0,annotateResults
FNDA:0,(anonymous_14)
FNDA:0,orchestrateReviewWithoutRAG
DA:8,0
DA:41,0
DA:42,0
DA:43,0
DA:44,0
DA:46,0
DA:47,0
DA:53,0
DA:87,0
DA:88,0
DA:89,0
DA:90,0
DA:92,0
DA:93,0
DA:99,0
DA:133,0
DA:134,0
DA:135,0
DA:136,0
DA:138,0
DA:139,0
DA:145,0
DA:147,0
DA:148,0
DA:149,0
DA:150,0
DA:154,0
DA:155,0
DA:157,0
DA:158,0
DA:165,0
DA:166,0
DA:168,0
DA:169,0
DA:170,0
DA:172,0
DA:173,0
DA:175,0
DA:176,0
DA:177,0
DA:179,0
DA:181,0
DA:182,0
DA:184,0
DA:185,0
DA:186,0
DA:188,0
DA:193,0
DA:194,0
DA:197,0
DA:201,0
DA:202,0
DA:205,0
DA:206,0
DA:209,0
DA:213,0
DA:217,0
DA:227,0
DA:228,0
DA:232,0
DA:233,0
DA:235,0
DA:236,0
DA:238,0
DA:239,0
DA:241,0
DA:242,0
DA:244,0
DA:250,0
DA:253,0
DA:256,0
DA:257,0
DA:259,0
DA:260,0
DA:263,0
DA:266,0
DA:273,0
DA:279,0
DA:282,0
DA:287,0
DA:297,0
DA:298,0
DA:300,0
DA:301,0
DA:304,0
DA:307,0
DA:314,0
DA:320,0
DA:323,0
LF:89
LH:0
BRDA:148,0,0,0
BRDA:148,0,1,0
BRDA:150,1,0,0
BRDA:150,1,1,0
BRDA:155,2,0,0
BRDA:155,2,1,0
BRDA:173,3,0,0
BRDA:173,3,1,0
BRDA:176,4,0,0
BRDA:176,4,1,0
BRDA:179,5,0,0
BRDA:179,5,1,0
BRDA:181,6,0,0
BRDA:181,6,1,0
BRDA:181,7,0,0
BRDA:181,7,1,0
BRDA:186,8,0,0
BRDA:186,8,1,0
BRDA:186,9,0,0
BRDA:186,9,1,0
BRDA:193,10,0,0
BRDA:193,10,1,0
BRDA:193,11,0,0
BRDA:193,11,1,0
BRDA:206,12,0,0
BRDA:206,12,1,0
BRDA:232,13,0,0
BRDA:232,13,1,0
BRDA:232,14,0,0
BRDA:232,14,1,0
BRDA:232,14,2,0
BRDA:232,14,3,0
BRDA:235,15,0,0
BRDA:235,15,1,0
BRDA:238,16,0,0
BRDA:238,16,1,0
BRDA:241,17,0,0
BRDA:241,17,1,0
BRDA:241,18,0,0
BRDA:241,18,1,0
BRDA:249,19,0,0
BRDA:260,20,0,0
BRDA:260,20,1,0
BRDA:296,21,0,0
BRDA:301,22,0,0
BRDA:301,22,1,0
BRF:46
BRH:0
end_of_record
TN:
SF:bin/codeflow-hook.js
FN:48,(anonymous_0)
FN:127,(anonymous_1)
FN:136,(anonymous_2)
FN:137,(anonymous_3)
FN:194,(anonymous_4)
FN:226,(anonymous_5)
FN:287,(anonymous_6)
FN:338,(anonymous_7)
FN:373,(anonymous_8)
FN:393,(anonymous_9)
FN:420,(anonymous_10)
FN:444,(anonymous_11)
FN:466,(anonymous_12)
FN:516,(anonymous_13)
FN:567,fetchModels
FN:571,(anonymous_15)
FN:576,(anonymous_16)
FN:585,getFallbackModels
FN:598,generateCodeReviewPrompt
FN:625,callAIProvider
FN:637,callGemini
FN:662,callOpenAI
FN:680,callClaude
FN:698,displayAnalysisResults
FN:729,displayAgenticResults
FN:774,getSeverityColor
FN:789,getTypeIcon
FN:803,displayEKGAnalysisResults
FN:831,(anonymous_28)
FN:842,(anonymous_29)
FN:855,(anonymous_30)
FN:875,(anonymous_31)
FN:908,(anonymous_32)
FN:916,(anonymous_33)
FN:924,(anonymous_34)
FN:928,(anonymous_35)
FN:933,(anonymous_36)
FN:938,(anonymous_37)
FN:977,(anonymous_38)
FN:1002,(anonymous_39)
FN:1003,(anonymous_40)
FN:1009,(anonymous_41)
FN:1052,(anonymous_42)
FN:1085,(anonymous_43)
FN:1094,(anonymous_44)
FN:1121,(anonymous_45)
FN:1150,(anonymous_46)
FN:1155,(anonymous_47)
FN:1161,(anonymous_48)
FN:1171,(anonymous_49)
FN:1189,(anonymous_50)
FN:1213,(anonymous_51)
FN:1220,(anonymous_52)
FN:1227,(anonymous_53)
FN:1246,(anonymous_54)
FN:1276,(anonymous_55)
FN:1281,(anonymous_56)
FN:1302,(anonymous_57)
FN:1324,(anonymous_58)
FN:1341,(anonymous_59)
FN:1432,checkGDPRCompliance
FN:1470,checkSOXCompliance
FN:1506,checkHIPAACompliance
FN:1551,scanFileForVulnerabilities
FN:1563,(anonymous_64)
FN:1607,performRiskAssessment
FN:1627,(anonymous_66)
FN:1641,performPrivacyImpactAssessment
FN:1660,(anonymous_68)
FN:1685,(anonymous_69)
FN:1705,evaluateAccessPolicy
FN:1736,getAllSourceFiles
FN:1740,scanDirectory
FN:1750,(anonymous_73)
FN:1760,getSeverityBreakdown
FN:1763,(anonymous_75)
FN:1773,generateComplianceReport
FN:1797,generateTextComplianceReport
FN:1806,(anonymous_78)
FN:1812,(anonymous_79)
FN:1821,updateEnterpriseGitHooks
FNF:81
FNH:0
FNDA:0,(anonymous_0)
FNDA:0,(anonymous_1)
FNDA:0,(anonymous_2)
FNDA:0,(anonymous_3)
FNDA:0,(anonymous_4)
FNDA:0,(anonymous_5)
FNDA:0,(anonymous_6)
FNDA:0,(anonymous_7)
FNDA:0,(anonymous_8)
FNDA:0,(anonymous_9)
FNDA:0,(anonymous_10)
FNDA:0,(anonymous_11)
FNDA:0,(anonymous_12)
FNDA:0,(anonymous_13)
FNDA:0,fetchModels
FNDA:0,(anonymous_15)
FNDA:0,(anonymous_16)
FNDA:0,getFallbackModels
FNDA:0,generateCodeReviewPrompt
FNDA:0,callAIProvider
FNDA:0,callGemini
FNDA:0,callOpenAI
FNDA:0,callClaude
FNDA:0,displayAnalysisResults
FNDA:0,displayAgenticResults
FNDA:0,getSeverityColor
FNDA:0,getTypeIcon
FNDA:0,displayEKGAnalysisResults
FNDA:0,(anonymous_28)
FNDA:0,(anonymous_29)
FNDA:0,(anonymous_30)
FNDA:0,(anonymous_31)
FNDA:0,(anonymous_32)
FNDA:0,(anonymous_33)
FNDA:0,(anonymous_34)
FNDA:0,(anonymous_35)
FNDA:0,(anonymous_36)
FNDA:0,(anonymous_37)
FNDA:0,(anonymous_38)
FNDA:0,(anonymous_39)
FNDA:0,(anonymous_40)
FNDA:0,(anonymous_41)
FNDA:0,(anonymous_42)
FNDA:0,(anonymous_43)
FNDA:0,(anonymous_44)
FNDA:0,(anonymous_45)
FNDA:0,(anonymous_46)
FNDA:0,(anonymous_47)
FNDA:0,(anonymous_48)
FNDA:0,(anonymous_49)
FNDA:0,(anonymous_50)
FNDA:0,(anonymous_51)
FNDA:0,(anonymous_52)
FNDA:0,(anonymous_53)
FNDA:0,(anonymous_54)
FNDA:0,(anonymous_55)
FNDA:0,(anonymous_56)
FNDA:0,(anonymous_57)
FNDA:0,(anonymous_58)
FNDA:0,(anonymous_59)
FNDA:0,checkGDPRCompliance
FNDA:0,checkSOXCompliance
FNDA:0,checkHIPAACompliance
FNDA:0,scanFileForVulnerabilities
FNDA:0,(anonymous_64)
FNDA:0,performRiskAssessment
FNDA:0,(anonymous_66)
FNDA:0,performPrivacyImpactAssessment
FNDA:0,(anonymous_68)
FNDA:0,(anonymous_69)
FNDA:0,evaluateAccessPolicy
FNDA:0,getAllSourceFiles
FNDA:0,scanDirectory
FNDA:0,(anonymous_73)
FNDA:0,getSeverityBreakdown
FNDA:0,(anonymous_75)
FNDA:0,generateComplianceReport
FNDA:0,generateTextComplianceReport
FNDA:0,(anonymous_78)
FNDA:0,(anonymous_79)
FNDA:0,updateEnterpriseGitHooks
DA:33,0
DA:35,0
DA:41,0
DA:50,0
DA:51,0
DA:52,0
DA:53,0
DA:56,0
DA:59,0
DA:60,0
DA:62,0
DA:65,0
DA:66,0
DA:67,0
DA:68,0
DA:69,0
DA:74,0
DA:75,0
DA:79,0
DA:80,0
DA:81,0
DA:83,0
DA:85,0
DA:86,0
DA:87,0
DA:89,0
DA:90,0
DA:91,0
DA:93,0
DA:94,0
DA:95,0
DA:96,0
DA:99,0
DA:103,0
DA:111,0
DA:113,0
DA:114,0
DA:116,0
DA:118,0
DA:119,0
DA:121,0
DA:122,0
DA:123,0
DA:124,0
DA:126,0
DA:127,0
DA:128,0
DA:131,0
DA:136,0
DA:137,0
DA:138,0
DA:139,0
DA:144,0
DA:145,0
DA:146,0
DA:148,0
DA:151,0
DA:153,0
DA:158,0
DA:162,0
DA:166,0
DA:167,0
DA:169,0
DA:170,0
DA:172,0
DA:173,0
DA:177,0
DA:178,0
DA:182,0
DA:183,0
DA:184,0
DA:185,0
DA:190,0
DA:195,0
DA:196,0
DA:198,0
DA:202,0
DA:203,0
DA:205,0
DA:206,0
DA:209,0
DA:210,0
DA:213,0
DA:216,0
DA:217,0
DA:222,0
DA:227,0
DA:228,0
DA:229,0
DA:230,0
DA:231,0
DA:235,0
DA:248,0
DA:250,0
DA:267,0
DA:269,0
DA:270,0
DA:271,0
DA:272,0
DA:275,0
DA:276,0
DA:277,0
DA:282,0
DA:288,0
DA:290,0
DA:291,0
DA:292,0
DA:293,0
DA:294,0
DA:296,0
DA:299,0
DA:300,0
DA:301,0
DA:304,0
DA:306,0
DA:311,0
DA:312,0
DA:313,0
DA:315,0
DA:316,0
DA:317,0
DA:318,0
DA:321,0
DA:322,0
DA:326,0
DA:327,0
DA:332,0
DA:339,0
DA:340,0
DA:341,0
DA:342,0
DA:343,0
DA:345,0
DA:346,0
DA:348,0
DA:354,0
DA:355,0
DA:357,0
DA:358,0
DA:362,0
DA:363,0
DA:367,0
DA:374,0
DA:375,0
DA:376,0
DA:377,0
DA:378,0
DA:381,0
DA:382,0
DA:383,0
DA:384,0
DA:386,0
DA:388,0
DA:392,0
DA:393,0
DA:394,0
DA:396,0
DA:399,0
DA:400,0
DA:401,0
DA:402,0
DA:405,0
DA:406,0
DA:408,0
DA:409,0
DA:412,0
DA:413,0
DA:417,0
DA:421,0
DA:422,0
DA:423,0
DA:425,0
DA:426,0
DA:427,0
DA:428,0
DA:429,0
DA:430,0
DA:431,0
DA:432,0
DA:433,0
DA:436,0
DA:437,0
DA:441,0
DA:445,0
DA:446,0
DA:447,0
DA:448,0
DA:449,0
DA:450,0
DA:452,0
DA:453,0
DA:458,0
DA:467,0
DA:468,0
DA:470,0
DA:472,0
DA:473,0
DA:474,0
DA:475,0
DA:477,0
DA:478,0
DA:481,0
DA:482,0
DA:485,0
DA:486,0
DA:487,0
DA:488,0
DA:490,0
DA:491,0
DA:494,0
DA:495,0
DA:498,0
DA:499,0
DA:502,0
DA:503,0
DA:504,0
DA:507,0
DA:508,0
DA:513,0
DA:517,0
DA:518,0
DA:521,0
DA:522,0
DA:524,0
DA:525,0
DA:527,0
DA:528,0
DA:530,0
DA:533,0
DA:534,0
DA:536,0
DA:539,0
DA:540,0
DA:544,0
DA:545,0
DA:546,0
DA:548,0
DA:549,0
DA:551,0
DA:554,0
DA:555,0
DA:557,0
DA:560,0
DA:561,0
DA:562,0
DA:563,0
DA:564,0
DA:568,0
DA:570,0
DA:571,0
DA:573,0
DA:576,0
DA:578,0
DA:579,0
DA:581,0
DA:586,0
DA:588,0
DA:590,0
DA:592,0
DA:594,0
DA:599,0
DA:626,0
DA:628,0
DA:630,0
DA:633,0
DA:638,0
DA:652,0
DA:653,0
DA:659,0
DA:663,0
DA:670,0
DA:677,0
DA:681,0
DA:687,0
DA:695,0
DA:700,0
DA:702,0
DA:703,0
DA:704,0
DA:705,0
DA:706,0
DA:707,0
DA:708,0
DA:709,0
DA:710,0
DA:712,0
DA:715,0
DA:716,0
DA:717,0
DA:718,0
DA:719,0
DA:720,0
DA:722,0
DA:726,0
DA:730,0
DA:731,0
DA:732,0
DA:736,0
DA:737,0
DA:739,0
DA:740,0
DA:741,0
DA:742,0
DA:744,0
DA:747,0
DA:751,0
DA:752,0
DA:753,0
DA:754,0
DA:755,0
DA:758,0
DA:759,0
DA:760,0
DA:762,0
DA:763,0
DA:764,0
DA:765,0
DA:766,0
DA:767,0
DA:770,0
DA:775,0
DA:777,0
DA:779,0
DA:781,0
DA:783,0
DA:785,0
DA:790,0
DA:792,0
DA:794,0
DA:796,0
DA:798,0
DA:804,0
DA:805,0
DA:806,0
DA:810,0
DA:811,0
DA:812,0
DA:813,0
DA:814,0
DA:815,0
DA:816,0
DA:820,0
DA:821,0
DA:822,0
DA:823,0
DA:824,0
DA:825,0
DA:829,0
DA:830,0
DA:831,0
DA:832,0
DA:833,0
DA:834,0
DA:836,0
DA:840,0
DA:841,0
DA:842,0
DA:843,0
DA:844,0
DA:845,0
DA:846,0
DA:849,0
DA:853,0
DA:854,0
DA:855,0
DA:856,0
DA:857,0
DA:858,0
DA:859,0
DA:861,0
DA:868,0
DA:876,0
DA:878,0
DA:879,0
DA:880,0
DA:881,0
DA:882,0
DA:884,0
DA:887,0
DA:888,0
DA:889,0
DA:892,0
DA:894,0
DA:895,0
DA:904,0
DA:905,0
DA:906,0
DA:907,0
DA:908,0
DA:912,0
DA:913,0
DA:914,0
DA:915,0
DA:916,0
DA:920,0
DA:921,0
DA:922,0
DA:923,0
DA:924,0
DA:928,0
DA:929,0
DA:931,0
DA:932,0
DA:933,0
DA:934,0
DA:936,0
DA:937,0
DA:938,0
DA:939,0
DA:940,0
DA:941,0
DA:942,0
DA:946,0
DA:947,0
DA:948,0
DA:952,0
DA:953,0
DA:954,0
DA:960,0
DA:964,0
DA:965,0
DA:970,0
DA:978,0
DA:979,0
DA:981,0
DA:982,0
DA:983,0
DA:986,0
DA:988,0
DA:990,0
DA:992,0
DA:993,0
DA:995,0
DA:996,0
DA:997,0
DA:1001,0
DA:1002,0
DA:1003,0
DA:1005,0
DA:1006,0
DA:1008,0
DA:1009,0
DA:1010,0
DA:1013,0
DA:1014,0
DA:1015,0
DA:1016,0
DA:1017,0
DA:1021,0
DA:1022,0
DA:1027,0
DA:1028,0
DA:1036,0
DA:1039,0
DA:1040,0
DA:1045,0
DA:1053,0
DA:1055,0
DA:1056,0
DA:1057,0
DA:1058,0
DA:1059,0
DA:1061,0
DA:1064,0
DA:1065,0
DA:1066,0
DA:1069,0
DA:1071,0
DA:1076,0
DA:1078,0
DA:1081,0
DA:1083,0
DA:1084,0
DA:1085,0
DA:1086,0
DA:1088,0
DA:1092,0
DA:1093,0
DA:1094,0
DA:1095,0
DA:1099,0
DA:1100,0
DA:1101,0
DA:1102,0
DA:1105,0
DA:1109,0
DA:1110,0
DA:1115,0
DA:1122,0
DA:1124,0
DA:1125,0
DA:1126,0
DA:1127,0
DA:1128,0
DA:1130,0
DA:1133,0
DA:1134,0
DA:1135,0
DA:1138,0
DA:1140,0
DA:1145,0
DA:1146,0
DA:1148,0
DA:1149,0
DA:1150,0
DA:1151,0
DA:1154,0
DA:1155,0
DA:1156,0
DA:1159,0
DA:1160,0
DA:1161,0
DA:1162,0
DA:1166,0
DA:1167,0
DA:1170,0
DA:1171,0
DA:1172,0
DA:1177,0
DA:1178,0
DA:1183,0
DA:1190,0
DA:1191,0
DA:1193,0
DA:1200,0
DA:1204,0
DA:1205,0
DA:1207,0
DA:1208,0
DA:1211,0
DA:1212,0
DA:1213,0
DA:1214,0
DA:1218,0
DA:1219,0
DA:1220,0
DA:1221,0
DA:1225,0
DA:1226,0
DA:1227,0
DA:1228,0
DA:1233,0
DA:1234,0
DA:1239,0
DA:1247,0
DA:1248,0
DA:1250,0
DA:1271,0
DA:1272,0
DA:1274,0
DA:1275,0
DA:1276,0
DA:1277,0
DA:1280,0
DA:1281,0
DA:1282,0
DA:1286,0
DA:1289,0
DA:1290,0
DA:1295,0
DA:1303,0
DA:1304,0
DA:1306,0
DA:1312,0
DA:1314,0
DA:1315,0
DA:1318,0
DA:1319,0
DA:1322,0
DA:1323,0
DA:1324,0
DA:1325,0
DA:1329,0
DA:1330,0
DA:1335,0
DA:1342,0
DA:1343,0
DA:1344,0
DA:1345,0
DA:1346,0
DA:1349,0
DA:1352,0
DA:1378,0
DA:1406,0
DA:1407,0
DA:1409,0
DA:1410,0
DA:1411,0
DA:1412,0
DA:1413,0
DA:1414,0
DA:1415,0
DA:1417,0
DA:1418,0
DA:1422,0
DA:1423,0
DA:1424,0
DA:1429,0
DA:1433,0
DA:1436,0
DA:1437,0
DA:1438,0
DA:1439,0
DA:1440,0
DA:1442,0
DA:1443,0
DA:1450,0
DA:1451,0
DA:1459,0
DA:1460,0
DA:1467,0
DA:1471,0
DA:1474,0
DA:1475,0
DA:1476,0
DA:1477,0
DA:1479,0
DA:1480,0
DA:1487,0
DA:1488,0
DA:1495,0
DA:1496,0
DA:1503,0
DA:1507,0
DA:1510,0
DA:1511,0
DA:1512,0
DA:1513,0
DA:1514,0
DA:1516,0
DA:1517,0
DA:1524,0
DA:1525,0
DA:1532,0
DA:1533,0
DA:1540,0
DA:1541,0
DA:1548,0
DA:1552,0
DA:1554,0
DA:1556,0
DA:1563,0
DA:1565,0
DA:1566,0
DA:1578,0
DA:1580,0
DA:1581,0
DA:1591,0
DA:1593,0
DA:1594,0
DA:1604,0
DA:1609,0
DA:1612,0
DA:1613,0
DA:1617,0
DA:1618,0
DA:1622,0
DA:1623,0
DA:1627,0
DA:1629,0
DA:1642,0
DA:1652,0
DA:1660,0
DA:1661,0
DA:1662,0
DA:1663,0
DA:1667,0
DA:1669,0
DA:1677,0
DA:1678,0
DA:1682,0
DA:1685,0
DA:1686,0
DA:1693,0
DA:1702,0
DA:1707,0
DA:1719,0
DA:1720,0
DA:1721,0
DA:1726,0
DA:1727,0
DA:1730,0
DA:1733,0
DA:1737,0
DA:1738,0
DA:1741,0
DA:1743,0
DA:1744,0
DA:1745,0
DA:1746,0
DA:1748,0
DA:1749,0
DA:1750,0
DA:1751,0
DA:1756,0
DA:1757,0
DA:1761,0
DA:1763,0
DA:1764,0
DA:1765,0
DA:1766,0
DA:1770,0
DA:1774,0
DA:1798,0
DA:1799,0
DA:1800,0
DA:1802,0
DA:1803,0
DA:1805,0
DA:1806,0
DA:1807,0
DA:1810,0
DA:1811,0
DA:1812,0
DA:1813,0
DA:1814,0
DA:1818,0
DA:1822,0
DA:1824,0
DA:1825,0
DA:1829,0
DA:1835,0
DA:1837,0
DA:1838,0
DA:1839,0
DA:1841,0
DA:1842,0
DA:1843,0
DA:1844,0
DA:1849,0
DA:1850,0
DA:1851,0
DA:1853,0
DA:1854,0
DA:1855,0
DA:1856,0
DA:1860,0
DA:1865,0
LF:738
LH:0
BRDA:50,0,0,0
BRDA:50,0,1,0
BRDA:52,1,0,0
BRDA:52,1,1,0
BRDA:60,2,0,0
BRDA:60,2,1,0
BRDA:62,3,0,0
BRDA:62,3,1,0
BRDA:65,4,0,0
BRDA:65,4,1,0
BRDA:68,5,0,0
BRDA:68,5,1,0
BRDA:74,6,0,0
BRDA:74,6,1,0
BRDA:74,6,2,0
BRDA:75,7,0,0
BRDA:75,7,1,0
BRDA:80,8,0,0
BRDA:80,8,1,0
BRDA:81,9,0,0
BRDA:81,9,1,0
BRDA:85,10,0,0
BRDA:85,10,1,0
BRDA:85,11,0,0
BRDA:85,11,1,0
BRDA:106,12,0,0
BRDA:106,12,1,0
BRDA:107,13,0,0
BRDA:107,13,1,0
BRDA:111,14,0,0
BRDA:111,14,1,0
BRDA:113,15,0,0
BRDA:113,15,1,0
BRDA:116,16,0,0
BRDA:116,16,1,0
BRDA:116,16,2,0
BRDA:118,17,0,0
BRDA:118,17,1,0
BRDA:145,18,0,0
BRDA:145,18,1,0
BRDA:145,19,0,0
BRDA:145,19,1,0
BRDA:145,19,2,0
BRDA:166,20,0,0
BRDA:166,20,1,0
BRDA:167,21,0,0
BRDA:167,21,1,0
BRDA:167,21,2,0
BRDA:167,21,3,0
BRDA:184,22,0,0
BRDA:184,22,1,0
BRDA:199,23,0,0
BRDA:199,23,1,0
BRDA:205,24,0,0
BRDA:205,24,1,0
BRDA:209,25,0,0
BRDA:209,25,1,0
BRDA:230,26,0,0
BRDA:230,26,1,0
BRDA:291,27,0,0
BRDA:291,27,1,0
BRDA:299,28,0,0
BRDA:299,28,1,0
BRDA:307,29,0,0
BRDA:307,29,1,0
BRDA:311,30,0,0
BRDA:311,30,1,0
BRDA:315,31,0,0
BRDA:315,31,1,0
BRDA:354,32,0,0
BRDA:354,32,1,0
BRDA:375,33,0,0
BRDA:375,33,1,0
BRDA:400,34,0,0
BRDA:400,34,1,0
BRDA:431,35,0,0
BRDA:431,35,1,0
BRDA:470,36,0,0
BRDA:470,36,1,0
BRDA:470,36,2,0
BRDA:470,36,3,0
BRDA:470,36,4,0
BRDA:470,36,5,0
BRDA:472,37,0,0
BRDA:472,37,1,0
BRDA:485,38,0,0
BRDA:485,38,1,0
BRDA:527,39,0,0
BRDA:527,39,1,0
BRDA:533,40,0,0
BRDA:533,40,1,0
BRDA:539,41,0,0
BRDA:539,41,1,0
BRDA:539,42,0,0
BRDA:539,42,1,0
BRDA:548,43,0,0
BRDA:548,43,1,0
BRDA:554,44,0,0
BRDA:554,44,1,0
BRDA:568,45,0,0
BRDA:568,45,1,0
BRDA:568,45,2,0
BRDA:568,45,3,0
BRDA:586,46,0,0
BRDA:586,46,1,0
BRDA:586,46,2,0
BRDA:586,46,3,0
BRDA:626,47,0,0
BRDA:626,47,1,0
BRDA:626,47,2,0
BRDA:626,47,3,0
BRDA:703,48,0,0
BRDA:703,48,1,0
BRDA:705,49,0,0
BRDA:705,49,1,0
BRDA:707,50,0,0
BRDA:707,50,1,0
BRDA:709,51,0,0
BRDA:709,51,1,0
BRDA:715,52,0,0
BRDA:715,52,1,0
BRDA:715,53,0,0
BRDA:715,53,1,0
BRDA:717,54,0,0
BRDA:717,54,1,0
BRDA:719,55,0,0
BRDA:719,55,1,0
BRDA:730,56,0,0
BRDA:730,56,1,0
BRDA:730,57,0,0
BRDA:730,57,1,0
BRDA:741,58,0,0
BRDA:741,58,1,0
BRDA:766,59,0,0
BRDA:766,59,1,0
BRDA:766,60,0,0
BRDA:766,60,1,0
BRDA:775,61,0,0
BRDA:775,61,1,0
BRDA:775,61,2,0
BRDA:775,61,3,0
BRDA:775,61,4,0
BRDA:790,62,0,0
BRDA:790,62,1,0
BRDA:790,62,2,0
BRDA:790,62,3,0
BRDA:804,63,0,0
BRDA:804,63,1,0
BRDA:810,64,0,0
BRDA:810,64,1,0
BRDA:815,65,0,0
BRDA:815,65,1,0
BRDA:820,66,0,0
BRDA:820,66,1,0
BRDA:822,67,0,0
BRDA:822,67,1,0
BRDA:823,68,0,0
BRDA:823,68,1,0
BRDA:824,69,0,0
BRDA:824,69,1,0
BRDA:829,70,0,0
BRDA:829,70,1,0
BRDA:829,71,0,0
BRDA:829,71,1,0
BRDA:840,72,0,0
BRDA:840,72,1,0
BRDA:840,73,0,0
BRDA:840,73,1,0
BRDA:845,74,0,0
BRDA:845,74,1,0
BRDA:853,75,0,0
BRDA:853,75,1,0
BRDA:853,76,0,0
BRDA:853,76,1,0
BRDA:856,77,0,0
BRDA:856,77,1,0
BRDA:857,78,0,0
BRDA:857,78,1,0
BRDA:879,79,0,0
BRDA:879,79,1,0
BRDA:887,80,0,0
BRDA:887,80,1,0
BRDA:904,81,0,0
BRDA:904,81,1,0
BRDA:912,82,0,0
BRDA:912,82,1,0
BRDA:920,83,0,0
BRDA:920,83,1,0
BRDA:928,84,0,0
BRDA:928,84,1,0
BRDA:928,85,0,0
BRDA:928,85,1,0
BRDA:931,86,0,0
BRDA:931,86,1,0
BRDA:931,87,0,0
BRDA:931,87,1,0
BRDA:936,88,0,0
BRDA:936,88,1,0
BRDA:939,89,0,0
BRDA:939,89,1,0
BRDA:939,90,0,0
BRDA:939,90,1,0
BRDA:941,91,0,0
BRDA:941,91,1,0
BRDA:946,92,0,0
BRDA:946,92,1,0
BRDA:952,93,0,0
BRDA:952,93,1,0
BRDA:983,94,0,0
BRDA:983,94,1,0
BRDA:986,95,0,0
BRDA:986,95,1,0
BRDA:993,96,0,0
BRDA:993,96,1,0
BRDA:1005,97,0,0
BRDA:1005,97,1,0
BRDA:1010,98,0,0
BRDA:1010,98,1,0
BRDA:1011,99,0,0
BRDA:1011,99,1,0
BRDA:1012,100,0,0
BRDA:1012,100,1,0
BRDA:1014,101,0,0
BRDA:1014,101,1,0
BRDA:1016,102,0,0
BRDA:1016,102,1,0
BRDA:1016,103,0,0
BRDA:1016,103,1,0
BRDA:1021,104,0,0
BRDA:1021,104,1,0
BRDA:1056,105,0,0
BRDA:1056,105,1,0
BRDA:1064,106,0,0
BRDA:1064,106,1,0
BRDA:1076,107,0,0
BRDA:1076,107,1,0
BRDA:1077,108,0,0
BRDA:1077,108,1,0
BRDA:1078,109,0,0
BRDA:1078,109,1,0
BRDA:1079,110,0,0
BRDA:1079,110,1,0
BRDA:1083,111,0,0
BRDA:1083,111,1,0
BRDA:1086,112,0,0
BRDA:1086,112,1,0
BRDA:1087,113,0,0
BRDA:1087,113,1,0
BRDA:1092,114,0,0
BRDA:1092,114,1,0
BRDA:1099,115,0,0
BRDA:1099,115,1,0
BRDA:1101,116,0,0
BRDA:1101,116,1,0
BRDA:1125,117,0,0
BRDA:1125,117,1,0
BRDA:1133,118,0,0
BRDA:1133,118,1,0
BRDA:1142,119,0,0
BRDA:1142,119,1,0
BRDA:1146,120,0,0
BRDA:1146,120,1,0
BRDA:1148,121,0,0
BRDA:1148,121,1,0
BRDA:1156,122,0,0
BRDA:1156,122,1,0
BRDA:1159,123,0,0
BRDA:1159,123,1,0
BRDA:1166,124,0,0
BRDA:1166,124,1,0
BRDA:1193,125,0,0
BRDA:1193,125,1,0
BRDA:1194,126,0,0
BRDA:1194,126,1,0
BRDA:1197,127,0,0
BRDA:1197,127,1,0
BRDA:1204,128,0,0
BRDA:1204,128,1,0
BRDA:1207,129,0,0
BRDA:1207,129,1,0
BRDA:1211,130,0,0
BRDA:1211,130,1,0
BRDA:1211,131,0,0
BRDA:1211,131,1,0
BRDA:1218,132,0,0
BRDA:1218,132,1,0
BRDA:1218,133,0,0
BRDA:1218,133,1,0
BRDA:1225,134,0,0
BRDA:1225,134,1,0
BRDA:1225,135,0,0
BRDA:1225,135,1,0
BRDA:1251,136,0,0
BRDA:1251,136,1,0
BRDA:1260,137,0,0
BRDA:1260,137,1,0
BRDA:1312,138,0,0
BRDA:1312,138,1,0
BRDA:1314,139,0,0
BRDA:1314,139,1,0
BRDA:1324,140,0,0
BRDA:1324,140,1,0
BRDA:1345,141,0,0
BRDA:1345,141,1,0
BRDA:1370,142,0,0
BRDA:1370,142,1,0
BRDA:1396,143,0,0
BRDA:1396,143,1,0
BRDA:1417,144,0,0
BRDA:1417,144,1,0
BRDA:1442,145,0,0
BRDA:1442,145,1,0
BRDA:1442,146,0,0
BRDA:1442,146,1,0
BRDA:1450,147,0,0
BRDA:1450,147,1,0
BRDA:1450,148,0,0
BRDA:1450,148,1,0
BRDA:1459,149,0,0
BRDA:1459,149,1,0
BRDA:1459,150,0,0
BRDA:1459,150,1,0
BRDA:1479,151,0,0
BRDA:1479,151,1,0
BRDA:1479,152,0,0
BRDA:1479,152,1,0
BRDA:1487,153,0,0
BRDA:1487,153,1,0
BRDA:1487,154,0,0
BRDA:1487,154,1,0
BRDA:1495,155,0,0
BRDA:1495,155,1,0
BRDA:1495,156,0,0
BRDA:1495,156,1,0
BRDA:1516,157,0,0
BRDA:1516,157,1,0
BRDA:1516,158,0,0
BRDA:1516,158,1,0
BRDA:1524,159,0,0
BRDA:1524,159,1,0
BRDA:1524,160,0,0
BRDA:1524,160,1,0
BRDA:1532,161,0,0
BRDA:1532,161,1,0
BRDA:1532,162,0,0
BRDA:1532,162,1,0
BRDA:1540,163,0,0
BRDA:1540,163,1,0
BRDA:1540,164,0,0
BRDA:1540,164,1,0
BRDA:1554,165,0,0
BRDA:1554,165,1,0
BRDA:1578,166,0,0
BRDA:1578,166,1,0
BRDA:1580,167,0,0
BRDA:1580,167,1,0
BRDA:1580,168,0,0
BRDA:1580,168,1,0
BRDA:1591,169,0,0
BRDA:1591,169,1,0
BRDA:1593,170,0,0
BRDA:1593,170,1,0
BRDA:1593,171,0,0
BRDA:1593,171,1,0
BRDA:1612,172,0,0
BRDA:1612,172,1,0
BRDA:1617,173,0,0
BRDA:1617,173,1,0
BRDA:1617,174,0,0
BRDA:1617,174,1,0
BRDA:1622,175,0,0
BRDA:1622,175,1,0
BRDA:1622,176,0,0
BRDA:1622,176,1,0
BRDA:1661,177,0,0
BRDA:1661,177,1,0
BRDA:1667,178,0,0
BRDA:1667,178,1,0
BRDA:1677,179,0,0
BRDA:1677,179,1,0
BRDA:1685,180,0,0
BRDA:1685,180,1,0
BRDA:1719,181,0,0
BRDA:1719,181,1,0
BRDA:1719,182,0,0
BRDA:1719,182,1,0
BRDA:1726,183,0,0
BRDA:1726,183,1,0
BRDA:1726,184,0,0
BRDA:1726,184,1,0
BRDA:1741,185,0,0
BRDA:1741,185,1,0
BRDA:1748,186,0,0
BRDA:1748,186,1,0
BRDA:1748,187,0,0
BRDA:1748,187,1,0
BRDA:1750,188,0,0
BRDA:1750,188,1,0
BRDA:1750,189,0,0
BRDA:1750,189,1,0
BRDA:1765,190,0,0
BRDA:1765,190,1,0
BRDA:1810,191,0,0
BRDA:1810,191,1,0
BRDA:1810,192,0,0
BRDA:1810,192,1,0
BRDA:1824,193,0,0
BRDA:1824,193,1,0
BRDA:1838,194,0,0
BRDA:1838,194,1,0
BRDA:1841,195,0,0
BRDA:1841,195,1,0
BRDA:1850,196,0,0
BRDA:1850,196,1,0
BRDA:1853,197,0,0
BRDA:1853,197,1,0
BRF:416
BRH:0
end_of_record
TN:
SF:bin/rag.js
FN:11,(anonymous_0)
FN:16,(anonymous_1)
FN:23,(anonymous_2)
FN:32,(anonymous_3)
FN:47,(anonymous_4)
FN:55,(anonymous_5)
FN:63,(anonymous_6)
FN:65,(anonymous_7)
FN:73,cosineSimilarity
FN:100,(anonymous_9)
FN:104,(anonymous_10)
FN:127,(anonymous_11)
FN:138,(anonymous_12)
FN:164,(anonymous_13)
FN:180,indexProject
FN:221,findKeyFiles
FN:252,(anonymous_16)
FN:254,(anonymous_17)
FN:255,(anonymous_18)
FN:255,(anonymous_19)
FN:256,(anonymous_20)
FN:264,findSourceFiles
FN:276,(anonymous_22)
FN:285,retrieveContext
FN:305,(anonymous_24)
FNF:25
FNH:0
FNDA:0,(anonymous_0)
FNDA:0,(anonymous_1)
FNDA:0,(anonymous_2)
FNDA:0,(anonymous_3)
FNDA:0,(anonymous_4)
FNDA:0,(anonymous_5)
FNDA:0,(anonymous_6)
FNDA:0,(anonymous_7)
FNDA:0,cosineSimilarity
FNDA:0,(anonymous_9)
FNDA:0,(anonymous_10)
FNDA:0,(anonymous_11)
FNDA:0,(anonymous_12)
FNDA:0,(anonymous_13)
FNDA:0,indexProject
FNDA:0,findKeyFiles
FNDA:0,(anonymous_16)
FNDA:0,(anonymous_17)
FNDA:0,(anonymous_18)
FNDA:0,(anonymous_19)
FNDA:0,(anonymous_20)
FNDA:0,findSourceFiles
FNDA:0,(anonymous_22)
FNDA:0,retrieveContext
FNDA:0,(anonymous_24)
DA:12,0
DA:13,0
DA:17,0
DA:18,0
DA:24,0
DA:25,0
DA:27,0
DA:28,0
DA:33,0
DA:34,0
DA:36,0
DA:37,0
DA:40,0
DA:41,0
DA:43,0
DA:48,0
DA:50,0
DA:51,0
DA:55,0
DA:62,0
DA:63,0
DA:65,0
DA:74,0
DA:75,0
DA:78,0
DA:79,0
DA:80,0
DA:82,0
DA:83,0
DA:84,0
DA:85,0
DA:88,0
DA:89,0
DA:91,0
DA:92,0
DA:95,0
DA:101,0
DA:105,0
DA:106,0
DA:108,0
DA:120,0
DA:122,0
DA:128,0
DA:129,0
DA:130,0
DA:132,0
DA:139,0
DA:140,0
DA:142,0
DA:143,0
DA:146,0
DA:147,0
DA:148,0
DA:150,0
DA:151,0
DA:152,0
DA:153,0
DA:157,0
DA:158,0
DA:161,0
DA:165,0
DA:166,0
DA:167,0
DA:169,0
DA:181,0
DA:182,0
DA:185,0
DA:187,0
DA:188,0
DA:190,0
DA:191,0
DA:192,0
DA:193,0
DA:195,0
DA:196,0
DA:197,0
DA:204,0
DA:209,0
DA:212,0
DA:214,0
DA:222,0
DA:223,0
DA:235,0
DA:236,0
DA:237,0
DA:238,0
DA:243,0
DA:244,0
DA:245,0
DA:246,0
DA:247,0
DA:252,0
DA:253,0
DA:254,0
DA:255,0
DA:256,0
DA:259,0
DA:261,0
DA:265,0
DA:266,0
DA:268,0
DA:270,0
DA:271,0
DA:272,0
DA:274,0
DA:275,0
DA:276,0
DA:277,0
DA:281,0
DA:286,0
DA:289,0
DA:290,0
DA:291,0
DA:294,0
DA:296,0
DA:298,0
DA:301,0
DA:304,0
DA:305,0
DA:309,0
DA:310,0
LF:121
LH:0
BRDA:17,0,0,0
BRDA:17,0,1,0
BRDA:36,1,0,0
BRDA:36,1,1,0
BRDA:36,2,0,0
BRDA:36,2,1,0
BRDA:47,3,0,0
BRDA:50,4,0,0
BRDA:50,4,1,0
BRDA:74,5,0,0
BRDA:74,5,1,0
BRDA:91,6,0,0
BRDA:91,6,1,0
BRDA:91,7,0,0
BRDA:91,7,1,0
BRDA:138,8,0,0
BRDA:138,9,0,0
BRDA:146,10,0,0
BRDA:146,10,1,0
BRDA:150,11,0,0
BRDA:150,11,1,0
BRDA:150,12,0,0
BRDA:150,12,1,0
BRDA:152,13,0,0
BRDA:152,13,1,0
BRDA:152,14,0,0
BRDA:152,14,1,0
BRDA:180,15,0,0
BRDA:237,16,0,0
BRDA:237,16,1,0
BRDA:246,17,0,0
BRDA:246,17,1,0
BRDA:274,18,0,0
BRDA:274,18,1,0
BRDA:274,19,0,0
BRDA:274,19,1,0
BRDA:274,19,2,0
BRDA:276,20,0,0
BRDA:276,20,1,0
BRDA:276,21,0,0
BRDA:276,21,1,0
BRDA:285,22,0,0
BRDA:285,23,0,0
BRDA:290,24,0,0
BRDA:290,24,1,0
BRF:45
BRH:0
end_of_record
TN:
SF:src/cli/commands/knowledge.js
FN:15,handleKnowledgeSearch
FN:44,(anonymous_1)
FN:68,handleKnowledgeGraphStatus
FN:128,handleKnowledgeForecast
FN:184,(anonymous_4)
FN:204,(anonymous_5)
FN:226,handleKnowledgeStats
FN:305,(anonymous_7)
FN:318,handleKnowledgeClear
FNF:9
FNH:0
FNDA:0,handleKnowledgeSearch
FNDA:0,(anonymous_1)
FNDA:0,handleKnowledgeGraphStatus
FNDA:0,handleKnowledgeForecast
FNDA:0,(anonymous_4)
FNDA:0,(anonymous_5)
FNDA:0,handleKnowledgeStats
FNDA:0,(anonymous_7)
FNDA:0,handleKnowledgeClear
DA:16,0
DA:18,0
DA:19,0
DA:20,0
DA:23,0
DA:24,0
DA:26,0
DA:29,0
DA:30,0
DA:33,0
DA:35,0
DA:36,0
DA:37,0
DA:38,0
DA:41,0
DA:42,0
DA:44,0
DA:45,0
DA:46,0
DA:47,0
DA:48,0
DA:50,0
DA:51,0
DA:54,0
DA:57,0
DA:60,0
DA:61,0
DA:69,0
DA:71,0
DA:72,0
DA:73,0
DA:74,0
DA:75,0
DA:78,0
DA:79,0
DA:81,0
DA:84,0
DA:85,0
DA:92,0
DA:94,0
DA:95,0
DA:96,0
DA:99,0
DA:100,0
DA:101,0
DA:102,0
DA:103,0
DA:104,0
DA:105,0
DA:107,0
DA:108,0
DA:109,0
DA:110,0
DA:111,0
DA:115,0
DA:117,0
DA:118,0
DA:121,0
DA:129,0
DA:131,0
DA:132,0
DA:133,0
DA:134,0
DA:137,0
DA:138,0
DA:139,0
DA:140,0
DA:143,0
DA:144,0
DA:146,0
DA:149,0
DA:150,0
DA:157,0
DA:159,0
DA:160,0
DA:161,0
DA:162,0
DA:165,0
DA:166,0
DA:167,0
DA:170,0
DA:171,0
DA:174,0
DA:175,0
DA:176,0
DA:177,0
DA:178,0
DA:181,0
DA:182,0
DA:184,0
DA:185,0
DA:186,0
DA:189,0
DA:191,0
DA:194,0
DA:195,0
DA:196,0
DA:197,0
DA:201,0
DA:202,0
DA:204,0
DA:205,0
DA:207,0
DA:208,0
DA:209,0
DA:211,0
DA:214,0
DA:215,0
DA:218,0
DA:219,0
DA:227,0
DA:229,0
DA:230,0
DA:233,0
DA:235,0
DA:236,0
DA:237,0
DA:239,0
DA:240,0
DA:243,0
DA:245,0
DA:246,0
DA:247,0
DA:248,0
DA:249,0
DA:250,0
DA:253,0
DA:256,0
DA:259,0
DA:262,0
DA:264,0
DA:265,0
DA:266,0
DA:268,0
DA:269,0
DA:276,0
DA:278,0
DA:279,0
DA:280,0
DA:281,0
DA:282,0
DA:283,0
DA:286,0
DA:289,0
DA:292,0
DA:295,0
DA:296,0
DA:297,0
DA:299,0
DA:300,0
DA:303,0
DA:304,0
DA:305,0
DA:306,0
DA:309,0
DA:310,0
DA:311,0
DA:319,0
DA:321,0
DA:322,0
DA:323,0
DA:326,0
DA:327,0
DA:329,0
DA:330,0
DA:331,0
DA:332,0
DA:334,0
DA:338,0
DA:339,0
LF:170
LH:0
BRDA:15,0,0,0
BRDA:18,1,0,0
BRDA:18,1,1,0
BRDA:29,2,0,0
BRDA:29,2,1,0
BRDA:33,3,0,0
BRDA:33,3,1,0
BRDA:35,4,0,0
BRDA:35,4,1,0
BRDA:50,5,0,0
BRDA:50,5,1,0
BRDA:51,6,0,0
BRDA:51,6,1,0
BRDA:68,7,0,0
BRDA:71,8,0,0
BRDA:71,8,1,0
BRDA:84,9,0,0
BRDA:84,9,1,0
BRDA:94,10,0,0
BRDA:94,10,1,0
BRDA:101,11,0,0
BRDA:101,11,1,0
BRDA:102,12,0,0
BRDA:102,12,1,0
BRDA:103,13,0,0
BRDA:103,13,1,0
BRDA:104,14,0,0
BRDA:104,14,1,0
BRDA:105,15,0,0
BRDA:105,15,1,0
BRDA:107,16,0,0
BRDA:107,16,1,0
BRDA:108,17,0,0
BRDA:108,17,1,0
BRDA:117,18,0,0
BRDA:117,18,1,0
BRDA:117,19,0,0
BRDA:117,19,1,0
BRDA:128,20,0,0
BRDA:131,21,0,0
BRDA:131,21,1,0
BRDA:137,22,0,0
BRDA:137,22,1,0
BRDA:149,23,0,0
BRDA:149,23,1,0
BRDA:159,24,0,0
BRDA:159,24,1,0
BRDA:170,25,0,0
BRDA:170,25,1,0
BRDA:171,26,0,0
BRDA:171,26,1,0
BRDA:172,27,0,0
BRDA:172,27,1,0
BRDA:176,28,0,0
BRDA:176,28,1,0
BRDA:177,29,0,0
BRDA:177,29,1,0
BRDA:177,30,0,0
BRDA:177,30,1,0
BRDA:181,31,0,0
BRDA:181,31,1,0
BRDA:186,32,0,0
BRDA:186,32,1,0
BRDA:187,33,0,0
BRDA:187,33,1,0
BRDA:188,34,0,0
BRDA:188,34,1,0
BRDA:201,35,0,0
BRDA:201,35,1,0
BRDA:201,36,0,0
BRDA:201,36,1,0
BRDA:205,37,0,0
BRDA:205,37,1,0
BRDA:206,38,0,0
BRDA:206,38,1,0
BRDA:226,39,0,0
BRDA:235,40,0,0
BRDA:235,40,1,0
BRDA:239,41,0,0
BRDA:239,41,1,0
BRDA:245,42,0,0
BRDA:245,42,1,0
BRDA:246,43,0,0
BRDA:246,43,1,0
BRDA:247,44,0,0
BRDA:247,44,1,0
BRDA:248,45,0,0
BRDA:248,45,1,0
BRDA:249,46,0,0
BRDA:249,46,1,0
BRDA:250,47,0,0
BRDA:250,47,1,0
BRDA:264,48,0,0
BRDA:264,48,1,0
BRDA:268,49,0,0
BRDA:268,49,1,0
BRDA:278,50,0,0
BRDA:278,50,1,0
BRDA:279,51,0,0
BRDA:279,51,1,0
BRDA:280,52,0,0
BRDA:280,52,1,0
BRDA:281,53,0,0
BRDA:281,53,1,0
BRDA:282,54,0,0
BRDA:282,54,1,0
BRDA:283,55,0,0
BRDA:283,55,1,0
BRDA:296,56,0,0
BRDA:296,56,1,0
BRDA:299,57,0,0
BRDA:299,57,1,0
BRDA:303,58,0,0
BRDA:303,58,1,0
BRDA:318,59,0,0
BRDA:321,60,0,0
BRDA:321,60,1,0
BRDA:329,61,0,0
BRDA:329,61,1,0
BRDA:329,62,0,0
BRDA:329,62,1,0
BRF:121
BRH:0
end_of_record
TN:
SF:src/knowledge/graphService.js
FN:24,(anonymous_0)
FN:44,(anonymous_1)
FN:51,(anonymous_2)
FN:82,(anonymous_3)
FN:99,(anonymous_4)
FN:116,(anonymous_5)
FN:123,(anonymous_6)
FN:187,(anonymous_7)
FN:243,(anonymous_8)
FN:266,(anonymous_9)
FN:302,(anonymous_10)
FN:348,(anonymous_11)
FN:370,(anonymous_12)
FN:371,(anonymous_13)
FN:383,(anonymous_14)
FN:459,(anonymous_15)
FN:472,(anonymous_16)
FN:510,(anonymous_17)
FN:569,(anonymous_18)
FN:606,(anonymous_19)
FN:649,(anonymous_20)
FN:664,getGraphService
FN:674,initGraphService
FNF:23
FNH:0
FNDA:0,(anonymous_0)
FNDA:0,(anonymous_1)
FNDA:0,(anonymous_2)
FNDA:0,(anonymous_3)
FNDA:0,(anonymous_4)
FNDA:0,(anonymous_5)
FNDA:0,(anonymous_6)
FNDA:0,(anonymous_7)
FNDA:0,(anonymous_8)
FNDA:0,(anonymous_9)
FNDA:0,(anonymous_10)
FNDA:0,(anonymous_11)
FNDA:0,(anonymous_12)
FNDA:0,(anonymous_13)
FNDA:0,(anonymous_14)
FNDA:0,(anonymous_15)
FNDA:0,(anonymous_16)
FNDA:0,(anonymous_17)
FNDA:0,(anonymous_18)
FNDA:0,(anonymous_19)
FNDA:0,(anonymous_20)
FNDA:0,getGraphService
FNDA:0,initGraphService
DA:12,0
DA:13,0
DA:14,0
DA:25,0
DA:26,0
DA:27,0
DA:28,0
DA:29,0
DA:32,0
DA:38,0
DA:45,0
DA:46,0
DA:49,0
DA:51,0
DA:52,0
DA:53,0
DA:57,0
DA:67,0
DA:69,0
DA:70,0
DA:73,0
DA:75,0
DA:83,0
DA:84,0
DA:87,0
DA:88,0
DA:89,0
DA:90,0
DA:92,0
DA:100,0
DA:101,0
DA:104,0
DA:105,0
DA:106,0
DA:107,0
DA:109,0
DA:117,0
DA:124,0
DA:125,0
DA:126,0
DA:129,0
DA:130,0
DA:163,0
DA:176,0
DA:179,0
DA:180,0
DA:188,0
DA:189,0
DA:190,0
DA:193,0
DA:194,0
DA:218,0
DA:232,0
DA:235,0
DA:236,0
DA:244,0
DA:245,0
DA:246,0
DA:249,0
DA:252,0
DA:253,0
DA:256,0
DA:257,0
DA:264,0
DA:266,0
DA:267,0
DA:268,0
DA:287,0
DA:288,0
DA:291,0
DA:294,0
DA:295,0
DA:303,0
DA:304,0
DA:305,0
DA:308,0
DA:309,0
DA:336,0
DA:338,0
DA:339,0
DA:342,0
DA:343,0
DA:348,0
DA:356,0
DA:358,0
DA:359,0
DA:362,0
DA:363,0
DA:371,0
DA:375,0
DA:383,0
DA:384,0
DA:387,0
DA:418,0
DA:419,0
DA:420,0
DA:429,0
DA:430,0
DA:439,0
DA:459,0
DA:473,0
DA:474,0
DA:475,0
DA:478,0
DA:480,0
DA:487,0
DA:489,0
DA:491,0
DA:496,0
DA:498,0
DA:499,0
DA:502,0
DA:503,0
DA:511,0
DA:570,0
DA:571,0
DA:574,0
DA:575,0
DA:591,0
DA:592,0
DA:594,0
DA:595,0
DA:598,0
DA:599,0
DA:607,0
DA:608,0
DA:611,0
DA:612,0
DA:624,0
DA:626,0
DA:627,0
DA:630,0
DA:631,0
DA:641,0
DA:642,0
DA:650,0
DA:651,0
DA:652,0
DA:653,0
DA:659,0
DA:665,0
DA:666,0
DA:668,0
DA:675,0
DA:676,0
DA:677,0
LF:146
LH:0
BRDA:24,0,0,0
BRDA:25,1,0,0
BRDA:25,1,1,0
BRDA:26,2,0,0
BRDA:26,2,1,0
BRDA:27,3,0,0
BRDA:27,3,1,0
BRDA:32,4,0,0
BRDA:32,4,1,0
BRDA:45,5,0,0
BRDA:45,5,1,0
BRDA:52,6,0,0
BRDA:52,6,1,0
BRDA:83,7,0,0
BRDA:83,7,1,0
BRDA:99,8,0,0
BRDA:100,9,0,0
BRDA:100,9,1,0
BRDA:100,10,0,0
BRDA:100,10,1,0
BRDA:124,11,0,0
BRDA:124,11,1,0
BRDA:188,12,0,0
BRDA:188,12,1,0
BRDA:243,13,0,0
BRDA:244,14,0,0
BRDA:244,14,1,0
BRDA:252,15,0,0
BRDA:252,15,1,0
BRDA:252,16,0,0
BRDA:252,16,1,0
BRDA:287,17,0,0
BRDA:287,17,1,0
BRDA:303,18,0,0
BRDA:303,18,1,0
BRDA:338,19,0,0
BRDA:338,19,1,0
BRDA:348,20,0,0
BRDA:348,20,1,0
BRDA:349,21,0,0
BRDA:349,21,1,0
BRDA:350,22,0,0
BRDA:350,22,1,0
BRDA:351,23,0,0
BRDA:351,23,1,0
BRDA:378,24,0,0
BRDA:378,24,1,0
BRDA:379,25,0,0
BRDA:379,25,1,0
BRDA:419,26,0,0
BRDA:419,26,1,0
BRDA:429,27,0,0
BRDA:429,27,1,0
BRDA:458,28,0,0
BRDA:458,28,1,0
BRDA:473,29,0,0
BRDA:473,29,1,0
BRDA:489,30,0,0
BRDA:489,30,1,0
BRDA:570,31,0,0
BRDA:570,31,1,0
BRDA:570,32,0,0
BRDA:570,32,1,0
BRDA:607,33,0,0
BRDA:607,33,1,0
BRDA:626,34,0,0
BRDA:626,34,1,0
BRDA:650,35,0,0
BRDA:650,35,1,0
BRDA:664,36,0,0
BRDA:665,37,0,0
BRDA:665,37,1,0
BRDA:674,38,0,0
BRF:73
BRH:0
end_of_record
TN:
SF:src/knowledge/projectStore.js
FN:24,(anonymous_0)
FN:39,(anonymous_1)
FN:47,(anonymous_2)
FN:73,(anonymous_3)
FN:75,(anonymous_4)
FN:76,(anonymous_5)
FN:98,(anonymous_6)
FN:118,(anonymous_7)
FN:119,(anonymous_8)
FN:203,(anonymous_9)
FN:221,(anonymous_10)
FN:277,(anonymous_11)
FN:292,(anonymous_12)
FN:317,(anonymous_13)
FN:350,(anonymous_14)
FN:402,(anonymous_15)
FN:429,(anonymous_16)
FN:440,(anonymous_17)
FN:462,(anonymous_18)
FN:463,(anonymous_19)
FN:464,(anonymous_20)
FN:471,(anonymous_21)
FN:472,(anonymous_22)
FN:473,(anonymous_23)
FN:480,(anonymous_24)
FN:481,(anonymous_25)
FN:482,(anonymous_26)
FN:496,getProjectStore
FN:506,initProjectStore
FNF:29
FNH:0
FNDA:0,(anonymous_0)
FNDA:0,(anonymous_1)
FNDA:0,(anonymous_2)
FNDA:0,(anonymous_3)
FNDA:0,(anonymous_4)
FNDA:0,(anonymous_5)
FNDA:0,(anonymous_6)
FNDA:0,(anonymous_7)
FNDA:0,(anonymous_8)
FNDA:0,(anonymous_9)
FNDA:0,(anonymous_10)
FNDA:0,(anonymous_11)
FNDA:0,(anonymous_12)
FNDA:0,(anonymous_13)
FNDA:0,(anonymous_14)
FNDA:0,(anonymous_15)
FNDA:0,(anonymous_16)
FNDA:0,(anonymous_17)
FNDA:0,(anonymous_18)
FNDA:0,(anonymous_19)
FNDA:0,(anonymous_20)
FNDA:0,(anonymous_21)
FNDA:0,(anonymous_22)
FNDA:0,(anonymous_23)
FNDA:0,(anonymous_24)
FNDA:0,(anonymous_25)
FNDA:0,(anonymous_26)
FNDA:0,getProjectStore
FNDA:0,initProjectStore
DA:16,0
DA:17,0
DA:25,0
DA:26,0
DA:27,0
DA:28,0
DA:31,0
DA:32,0
DA:40,0
DA:41,0
DA:44,0
DA:46,0
DA:47,0
DA:48,0
DA:49,0
DA:53,0
DA:54,0
DA:57,0
DA:58,0
DA:61,0
DA:64,0
DA:66,0
DA:74,0
DA:75,0
DA:76,0
DA:78,0
DA:80,0
DA:83,0
DA:84,0
DA:86,0
DA:88,0
DA:91,0
DA:99,0
DA:100,0
DA:103,0
DA:104,0
DA:105,0
DA:108,0
DA:110,0
DA:111,0
DA:119,0
DA:120,0
DA:199,0
DA:200,0
DA:202,0
DA:203,0
DA:204,0
DA:205,0
DA:206,0
DA:209,0
DA:210,0
DA:211,0
DA:222,0
DA:223,0
DA:224,0
DA:227,0
DA:228,0
DA:236,0
DA:255,0
DA:258,0
DA:259,0
DA:260,0
DA:261,0
DA:263,0
DA:267,0
DA:269,0
DA:270,0
DA:279,0
DA:281,0
DA:286,0
DA:293,0
DA:294,0
DA:295,0
DA:298,0
DA:300,0
DA:301,0
DA:304,0
DA:315,0
DA:317,0
DA:319,0
DA:338,0
DA:342,0
DA:343,0
DA:351,0
DA:352,0
DA:353,0
DA:356,0
DA:357,0
DA:366,0
DA:391,0
DA:392,0
DA:394,0
DA:395,0
DA:403,0
DA:404,0
DA:407,0
DA:408,0
DA:409,0
DA:410,0
DA:412,0
DA:421,0
DA:422,0
DA:430,0
DA:431,0
DA:432,0
DA:433,0
DA:441,0
DA:442,0
DA:445,0
DA:446,0
DA:447,0
DA:448,0
DA:449,0
DA:450,0
DA:452,0
DA:453,0
DA:455,0
DA:456,0
DA:463,0
DA:464,0
DA:465,0
DA:466,0
DA:472,0
DA:473,0
DA:474,0
DA:475,0
DA:481,0
DA:482,0
DA:483,0
DA:484,0
DA:491,0
DA:497,0
DA:498,0
DA:500,0
DA:507,0
DA:508,0
DA:510,0
DA:511,0
DA:514,0
LF:139
LH:0
BRDA:24,0,0,0
BRDA:31,1,0,0
BRDA:31,1,1,0
BRDA:39,2,0,0
BRDA:40,3,0,0
BRDA:40,3,1,0
BRDA:40,4,0,0
BRDA:40,4,1,0
BRDA:46,5,0,0
BRDA:46,5,1,0
BRDA:48,6,0,0
BRDA:48,6,1,0
BRDA:78,7,0,0
BRDA:78,7,1,0
BRDA:78,8,0,0
BRDA:78,8,1,0
BRDA:99,9,0,0
BRDA:99,9,1,0
BRDA:99,10,0,0
BRDA:99,10,1,0
BRDA:204,11,0,0
BRDA:204,11,1,0
BRDA:210,12,0,0
BRDA:210,12,1,0
BRDA:222,13,0,0
BRDA:222,13,1,0
BRDA:258,14,0,0
BRDA:258,14,1,0
BRDA:258,15,0,0
BRDA:258,15,1,0
BRDA:292,16,0,0
BRDA:293,17,0,0
BRDA:293,17,1,0
BRDA:293,18,0,0
BRDA:293,18,1,0
BRDA:326,19,0,0
BRDA:326,19,1,0
BRDA:327,20,0,0
BRDA:327,20,1,0
BRDA:328,21,0,0
BRDA:328,21,1,0
BRDA:329,22,0,0
BRDA:329,22,1,0
BRDA:333,23,0,0
BRDA:333,23,1,0
BRDA:334,24,0,0
BRDA:334,24,1,0
BRDA:335,25,0,0
BRDA:335,25,1,0
BRDA:351,26,0,0
BRDA:351,26,1,0
BRDA:372,27,0,0
BRDA:372,27,1,0
BRDA:373,28,0,0
BRDA:373,28,1,0
BRDA:376,29,0,0
BRDA:376,29,1,0
BRDA:403,30,0,0
BRDA:403,30,1,0
BRDA:430,31,0,0
BRDA:430,31,1,0
BRDA:441,32,0,0
BRDA:441,32,1,0
BRDA:462,33,0,0
BRDA:465,34,0,0
BRDA:465,34,1,0
BRDA:471,35,0,0
BRDA:474,36,0,0
BRDA:474,36,1,0
BRDA:480,37,0,0
BRDA:483,38,0,0
BRDA:483,38,1,0
BRDA:497,39,0,0
BRDA:497,39,1,0
BRDA:506,40,0,0
BRDA:510,41,0,0
BRDA:510,41,1,0
BRF:77
BRH:0
end_of_record
TN:
SF:src/types/entities.js
FN:14,(anonymous_0)
FN:39,(anonymous_1)
FN:70,(anonymous_2)
FN:89,(anonymous_3)
FN:118,(anonymous_4)
FN:137,(anonymous_5)
FN:152,(anonymous_6)
FN:166,(anonymous_7)
FN:182,(anonymous_8)
FNF:9
FNH:0
FNDA:0,(anonymous_0)
FNDA:0,(anonymous_1)
FNDA:0,(anonymous_2)
FNDA:0,(anonymous_3)
FNDA:0,(anonymous_4)
FNDA:0,(anonymous_5)
FNDA:0,(anonymous_6)
FNDA:0,(anonymous_7)
FNDA:0,(anonymous_8)
DA:15,0
DA:16,0
DA:17,0
DA:18,0
DA:19,0
DA:20,0
DA:21,0
DA:22,0
DA:23,0
DA:24,0
DA:25,0
DA:26,0
DA:27,0
DA:28,0
DA:29,0
DA:30,0
DA:40,0
DA:41,0
DA:42,0
DA:43,0
DA:44,0
DA:45,0
DA:46,0
DA:47,0
DA:48,0
DA:49,0
DA:50,0
DA:51,0
DA:52,0
DA:53,0
DA:54,0
DA:55,0
DA:56,0
DA:57,0
DA:58,0
DA:59,0
DA:60,0
DA:61,0
DA:71,0
DA:72,0
DA:73,0
DA:74,0
DA:75,0
DA:76,0
DA:77,0
DA:78,0
DA:79,0
DA:80,0
DA:90,0
DA:91,0
DA:92,0
DA:93,0
DA:94,0
DA:95,0
DA:96,0
DA:97,0
DA:98,0
DA:99,0
DA:100,0
DA:101,0
DA:102,0
DA:103,0
DA:104,0
DA:105,0
DA:119,0
DA:120,0
DA:121,0
DA:122,0
DA:123,0
DA:124,0
DA:125,0
DA:126,0
DA:127,0
DA:128,0
DA:138,0
DA:139,0
DA:140,0
DA:141,0
DA:142,0
DA:143,0
DA:153,0
DA:154,0
DA:155,0
DA:156,0
DA:157,0
DA:167,0
DA:168,0
DA:169,0
DA:170,0
DA:171,0
DA:172,0
DA:173,0
DA:183,0
DA:184,0
DA:185,0
DA:186,0
DA:187,0
DA:188,0
DA:189,0
DA:200,0
DA:212,0
DA:222,0
DA:232,0
DA:242,0
LF:104
LH:0
BRDA:14,0,0,0
BRDA:15,1,0,0
BRDA:15,1,1,0
BRDA:16,2,0,0
BRDA:16,2,1,0
BRDA:17,3,0,0
BRDA:17,3,1,0
BRDA:18,4,0,0
BRDA:18,4,1,0
BRDA:19,5,0,0
BRDA:19,5,1,0
BRDA:20,6,0,0
BRDA:20,6,1,0
BRDA:21,7,0,0
BRDA:21,7,1,0
BRDA:22,8,0,0
BRDA:22,8,1,0
BRDA:23,9,0,0
BRDA:23,9,1,0
BRDA:24,10,0,0
BRDA:24,10,1,0
BRDA:25,11,0,0
BRDA:25,11,1,0
BRDA:26,12,0,0
BRDA:26,12,1,0
BRDA:27,13,0,0
BRDA:27,13,1,0
BRDA:28,14,0,0
BRDA:28,14,1,0
BRDA:29,15,0,0
BRDA:29,15,1,0
BRDA:30,16,0,0
BRDA:30,16,1,0
BRDA:39,17,0,0
BRDA:40,18,0,0
BRDA:40,18,1,0
BRDA:41,19,0,0
BRDA:41,19,1,0
BRDA:42,20,0,0
BRDA:42,20,1,0
BRDA:43,21,0,0
BRDA:43,21,1,0
BRDA:44,22,0,0
BRDA:44,22,1,0
BRDA:45,23,0,0
BRDA:45,23,1,0
BRDA:46,24,0,0
BRDA:46,24,1,0
BRDA:47,25,0,0
BRDA:47,25,1,0
BRDA:48,26,0,0
BRDA:48,26,1,0
BRDA:50,27,0,0
BRDA:50,27,1,0
BRDA:57,28,0,0
BRDA:57,28,1,0
BRDA:59,29,0,0
BRDA:59,29,1,0
BRDA:60,30,0,0
BRDA:60,30,1,0
BRDA:61,31,0,0
BRDA:61,31,1,0
BRDA:70,32,0,0
BRDA:71,33,0,0
BRDA:71,33,1,0
BRDA:72,34,0,0
BRDA:72,34,1,0
BRDA:73,35,0,0
BRDA:73,35,1,0
BRDA:74,36,0,0
BRDA:74,36,1,0
BRDA:75,37,0,0
BRDA:75,37,1,0
BRDA:76,38,0,0
BRDA:76,38,1,0
BRDA:77,39,0,0
BRDA:77,39,1,0
BRDA:78,40,0,0
BRDA:78,40,1,0
BRDA:79,41,0,0
BRDA:79,41,1,0
BRDA:80,42,0,0
BRDA:80,42,1,0
BRDA:89,43,0,0
BRDA:90,44,0,0
BRDA:90,44,1,0
BRDA:91,45,0,0
BRDA:91,45,1,0
BRDA:92,46,0,0
BRDA:92,46,1,0
BRDA:95,47,0,0
BRDA:95,47,1,0
BRDA:96,48,0,0
BRDA:96,48,1,0
BRDA:97,49,0,0
BRDA:97,49,1,0
BRDA:98,50,0,0
BRDA:98,50,1,0
BRDA:99,51,0,0
BRDA:99,51,1,0
BRDA:100,52,0,0
BRDA:100,52,1,0
BRDA:101,53,0,0
BRDA:101,53,1,0
BRDA:103,54,0,0
BRDA:103,54,1,0
BRDA:105,55,0,0
BRDA:105,55,1,0
BRDA:118,56,0,0
BRDA:119,57,0,0
BRDA:119,57,1,0
BRDA:120,58,0,0
BRDA:120,58,1,0
BRDA:121,59,0,0
BRDA:121,59,1,0
BRDA:122,60,0,0
BRDA:122,60,1,0
BRDA:123,61,0,0
BRDA:123,61,1,0
BRDA:124,62,0,0
BRDA:124,62,1,0
BRDA:125,63,0,0
BRDA:125,63,1,0
BRDA:126,64,0,0
BRDA:126,64,1,0
BRDA:127,65,0,0
BRDA:127,65,1,0
BRDA:128,66,0,0
BRDA:128,66,1,0
BRDA:137,67,0,0
BRDA:138,68,0,0
BRDA:138,68,1,0
BRDA:139,69,0,0
BRDA:139,69,1,0
BRDA:140,70,0,0
BRDA:140,70,1,0
BRDA:141,71,0,0
BRDA:141,71,1,0
BRDA:142,72,0,0
BRDA:142,72,1,0
BRDA:143,73,0,0
BRDA:143,73,1,0
BRDA:152,74,0,0
BRDA:153,75,0,0
BRDA:153,75,1,0
BRDA:154,76,0,0
BRDA:154,76,1,0
BRDA:155,77,0,0
BRDA:155,77,1,0
BRDA:156,78,0,0
BRDA:156,78,1,0
BRDA:157,79,0,0
BRDA:157,79,1,0
BRDA:166,80,0,0
BRDA:167,81,0,0
BRDA:167,81,1,0
BRDA:168,82,0,0
BRDA:168,82,1,0
BRDA:169,83,0,0
BRDA:169,83,1,0
BRDA:170,84,0,0
BRDA:170,84,1,0
BRDA:171,85,0,0
BRDA:171,85,1,0
BRDA:172,86,0,0
BRDA:172,86,1,0
BRDA:173,87,0,0
BRDA:173,87,1,0
BRDA:182,88,0,0
BRDA:183,89,0,0
BRDA:183,89,1,0
BRDA:184,90,0,0
BRDA:184,90,1,0
BRDA:185,91,0,0
BRDA:185,91,1,0
BRDA:186,92,0,0
BRDA:186,92,1,0
BRDA:187,93,0,0
BRDA:187,93,1,0
BRDA:188,94,0,0
BRDA:188,94,1,0
BRDA:189,95,0,0
BRDA:189,95,1,0
BRF:183
BRH:0
end_of_record
TN:
SF:src/utils/config.js
FN:48,ensureConfigDir
FN:57,loadConfig
FN:82,saveConfig
FN:96,setConfig
FN:106,getConfig
FN:114,resetConfig
FN:129,validateKnowledgeStoreConfig
FN:151,validateEnterpriseGraphConfig
FN:186,getConfigStatus
FN:215,printConfigStatus
FNF:10
FNH:0
FNDA:0,ensureConfigDir
FNDA:0,loadConfig
FNDA:0,saveConfig
FNDA:0,setConfig
FNDA:0,getConfig
FNDA:0,resetConfig
FNDA:0,validateKnowledgeStoreConfig
FNDA:0,validateEnterpriseGraphConfig
FNDA:0,getConfigStatus
FNDA:0,printConfigStatus
DA:11,0
DA:12,0
DA:15,0
DA:49,0
DA:50,0
DA:58,0
DA:59,0
DA:61,0
DA:63,0
DA:64,0
DA:67,0
DA:68,0
DA:71,0
DA:73,0
DA:74,0
DA:75,0
DA:83,0
DA:84,0
DA:85,0
DA:86,0
DA:88,0
DA:89,0
DA:97,0
DA:98,0
DA:99,0
DA:100,0
DA:107,0
DA:108,0
DA:115,0
DA:116,0
DA:117,0
DA:118,0
DA:119,0
DA:121,0
DA:122,0
DA:130,0
DA:132,0
DA:133,0
DA:137,0
DA:138,0
DA:139,0
DA:145,0
DA:152,0
DA:154,0
DA:155,0
DA:159,0
DA:161,0
DA:162,0
DA:163,0
DA:171,0
DA:172,0
DA:174,0
DA:180,0
DA:187,0
DA:189,0
DA:190,0
DA:192,0
DA:216,0
DA:218,0
DA:220,0
DA:221,0
DA:222,0
DA:224,0
DA:225,0
DA:226,0
DA:227,0
DA:229,0
DA:231,0
DA:232,0
DA:233,0
DA:234,0
DA:236,0
DA:238,0
DA:239,0
DA:240,0
DA:241,0
LF:76
LH:0
BRDA:27,0,0,0
BRDA:27,0,1,0
BRDA:28,1,0,0
BRDA:28,1,1,0
BRDA:29,2,0,0
BRDA:29,2,1,0
BRDA:49,3,0,0
BRDA:49,3,1,0
BRDA:61,4,0,0
BRDA:61,4,1,0
BRDA:106,5,0,0
BRDA:108,6,0,0
BRDA:108,6,1,0
BRDA:132,7,0,0
BRDA:132,7,1,0
BRDA:138,8,0,0
BRDA:138,8,1,0
BRDA:154,9,0,0
BRDA:154,9,1,0
BRDA:162,10,0,0
BRDA:162,10,1,0
BRDA:195,11,0,0
BRDA:195,11,1,0
BRDA:220,12,0,0
BRDA:220,12,1,0
BRDA:221,13,0,0
BRDA:221,13,1,0
BRDA:225,14,0,0
BRDA:225,14,1,0
BRDA:226,15,0,0
BRDA:226,15,1,0
BRDA:227,16,0,0
BRDA:227,16,1,0
BRDA:232,17,0,0
BRDA:232,17,1,0
BRDA:233,18,0,0
BRDA:233,18,1,0
BRDA:234,19,0,0
BRDA:234,19,1,0
BRDA:239,20,0,0
BRDA:239,20,1,0
BRDA:240,21,0,0
BRDA:240,21,1,0
BRDA:241,22,0,0
BRDA:241,22,1,0
BRF:45
BRH:0
end_of_record
